<?xml version="1.0" encoding="UTF-8"?>
<robot generator="Robot 7.1.1 (Python 3.10.12 on linux)" generated="2024-11-29T10:37:52.485715" rpa="false" schemaversion="5">
<suite id="s1" name="Devesh Assessment" source="/home/vvdn29877/Testing/Assignment_of_robot/tests/Devesh_Assessment.robot">
<kw name="Precondition" owner="open" type="SETUP">
<kw name="Open Browser" owner="SeleniumLibrary">
<msg time="2024-11-29T10:37:52.561075" level="INFO">Opening browser 'Chrome' to base url 'https://www.flipkart.com/'.</msg>
<arg>${url}</arg>
<arg>Chrome</arg>
<doc>Opens a new browser instance to the optional ``url``.</doc>
<status status="PASS" start="2024-11-29T10:37:52.560918" elapsed="4.902772"/>
</kw>
<arg>${fetchLink}</arg>
<status status="PASS" start="2024-11-29T10:37:52.560416" elapsed="4.903467"/>
</kw>
<test id="s1-t1" name="TC_6" line="9">
<kw name="Fetch_All_Link" owner="fetch_link_keywords">
<kw name="Get WebElements" owner="SeleniumLibrary">
<msg time="2024-11-29T10:37:57.489800" level="INFO">${all_links} = [&lt;selenium.webdriver.remote.webelement.WebElement (session="ad544e5a2e4b5da5845f0e12f55c058a", element="f.2B32E03EEA1FEDA0422A98B961809151.d.6CD36C9DD2E98CBD194BD1FA979BCEF8.e.115")&gt;, &lt;selenium.webdri...</msg>
<var>${all_links}</var>
<arg>//a</arg>
<doc>Returns a list of WebElement objects matching the ``locator``.</doc>
<status status="PASS" start="2024-11-29T10:37:57.464759" elapsed="0.025104"/>
</kw>
<kw name="Log" owner="BuiltIn">
<msg time="2024-11-29T10:37:57.490365" level="INFO">[&lt;selenium.webdriver.remote.webelement.WebElement (session="ad544e5a2e4b5da5845f0e12f55c058a", element="f.2B32E03EEA1FEDA0422A98B961809151.d.6CD36C9DD2E98CBD194BD1FA979BCEF8.e.115")&gt;, &lt;selenium.webdriver.remote.webelement.WebElement (session="ad544e5a2e4b5da5845f0e12f55c058a", element="f.2B32E03EEA1FEDA0422A98B961809151.d.6CD36C9DD2E98CBD194BD1FA979BCEF8.e.116")&gt;, &lt;selenium.webdriver.remote.webelement.WebElement (session="ad544e5a2e4b5da5845f0e12f55c058a", element="f.2B32E03EEA1FEDA0422A98B961809151.d.6CD36C9DD2E98CBD194BD1FA979BCEF8.e.117")&gt;, &lt;selenium.webdriver.remote.webelement.WebElement (session="ad544e5a2e4b5da5845f0e12f55c058a", element="f.2B32E03EEA1FEDA0422A98B961809151.d.6CD36C9DD2E98CBD194BD1FA979BCEF8.e.118")&gt;, &lt;selenium.webdriver.remote.webelement.WebElement (session="ad544e5a2e4b5da5845f0e12f55c058a", element="f.2B32E03EEA1FEDA0422A98B961809151.d.6CD36C9DD2E98CBD194BD1FA979BCEF8.e.119")&gt;, &lt;selenium.webdriver.remote.webelement.WebElement (session="ad544e5a2e4b5da5845f0e12f55c058a", element="f.2B32E03EEA1FEDA0422A98B961809151.d.6CD36C9DD2E98CBD194BD1FA979BCEF8.e.120")&gt;, &lt;selenium.webdriver.remote.webelement.WebElement (session="ad544e5a2e4b5da5845f0e12f55c058a", element="f.2B32E03EEA1FEDA0422A98B961809151.d.6CD36C9DD2E98CBD194BD1FA979BCEF8.e.121")&gt;, &lt;selenium.webdriver.remote.webelement.WebElement (session="ad544e5a2e4b5da5845f0e12f55c058a", element="f.2B32E03EEA1FEDA0422A98B961809151.d.6CD36C9DD2E98CBD194BD1FA979BCEF8.e.122")&gt;, &lt;selenium.webdriver.remote.webelement.WebElement (session="ad544e5a2e4b5da5845f0e12f55c058a", element="f.2B32E03EEA1FEDA0422A98B961809151.d.6CD36C9DD2E98CBD194BD1FA979BCEF8.e.123")&gt;, &lt;selenium.webdriver.remote.webelement.WebElement (session="ad544e5a2e4b5da5845f0e12f55c058a", element="f.2B32E03EEA1FEDA0422A98B961809151.d.6CD36C9DD2E98CBD194BD1FA979BCEF8.e.124")&gt;, &lt;selenium.webdriver.remote.webelement.WebElement (session="ad544e5a2e4b5da5845f0e12f55c058a", element="f.2B32E03EEA1FEDA0422A98B961809151.d.6CD36C9DD2E98CBD194BD1FA979BCEF8.e.125")&gt;, &lt;selenium.webdriver.remote.webelement.WebElement (session="ad544e5a2e4b5da5845f0e12f55c058a", element="f.2B32E03EEA1FEDA0422A98B961809151.d.6CD36C9DD2E98CBD194BD1FA979BCEF8.e.126")&gt;, &lt;selenium.webdriver.remote.webelement.WebElement (session="ad544e5a2e4b5da5845f0e12f55c058a", element="f.2B32E03EEA1FEDA0422A98B961809151.d.6CD36C9DD2E98CBD194BD1FA979BCEF8.e.127")&gt;, &lt;selenium.webdriver.remote.webelement.WebElement (session="ad544e5a2e4b5da5845f0e12f55c058a", element="f.2B32E03EEA1FEDA0422A98B961809151.d.6CD36C9DD2E98CBD194BD1FA979BCEF8.e.128")&gt;, &lt;selenium.webdriver.remote.webelement.WebElement (session="ad544e5a2e4b5da5845f0e12f55c058a", element="f.2B32E03EEA1FEDA0422A98B961809151.d.6CD36C9DD2E98CBD194BD1FA979BCEF8.e.129")&gt;, &lt;selenium.webdriver.remote.webelement.WebElement (session="ad544e5a2e4b5da5845f0e12f55c058a", element="f.2B32E03EEA1FEDA0422A98B961809151.d.6CD36C9DD2E98CBD194BD1FA979BCEF8.e.130")&gt;, &lt;selenium.webdriver.remote.webelement.WebElement (session="ad544e5a2e4b5da5845f0e12f55c058a", element="f.2B32E03EEA1FEDA0422A98B961809151.d.6CD36C9DD2E98CBD194BD1FA979BCEF8.e.131")&gt;, &lt;selenium.webdriver.remote.webelement.WebElement (session="ad544e5a2e4b5da5845f0e12f55c058a", element="f.2B32E03EEA1FEDA0422A98B961809151.d.6CD36C9DD2E98CBD194BD1FA979BCEF8.e.132")&gt;, &lt;selenium.webdriver.remote.webelement.WebElement (session="ad544e5a2e4b5da5845f0e12f55c058a", element="f.2B32E03EEA1FEDA0422A98B961809151.d.6CD36C9DD2E98CBD194BD1FA979BCEF8.e.133")&gt;, &lt;selenium.webdriver.remote.webelement.WebElement (session="ad544e5a2e4b5da5845f0e12f55c058a", element="f.2B32E03EEA1FEDA0422A98B961809151.d.6CD36C9DD2E98CBD194BD1FA979BCEF8.e.134")&gt;, &lt;selenium.webdriver.remote.webelement.WebElement (session="ad544e5a2e4b5da5845f0e12f55c058a", element="f.2B32E03EEA1FEDA0422A98B961809151.d.6CD36C9DD2E98CBD194BD1FA979BCEF8.e.135")&gt;, &lt;selenium.webdriver.remote.webelement.WebElement (session="ad544e5a2e4b5da5845f0e12f55c058a", element="f.2B32E03EEA1FEDA0422A98B961809151.d.6CD36C9DD2E98CBD194BD1FA979BCEF8.e.136")&gt;, &lt;selenium.webdriver.remote.webelement.WebElement (session="ad544e5a2e4b5da5845f0e12f55c058a", element="f.2B32E03EEA1FEDA0422A98B961809151.d.6CD36C9DD2E98CBD194BD1FA979BCEF8.e.137")&gt;, &lt;selenium.webdriver.remote.webelement.WebElement (session="ad544e5a2e4b5da5845f0e12f55c058a", element="f.2B32E03EEA1FEDA0422A98B961809151.d.6CD36C9DD2E98CBD194BD1FA979BCEF8.e.138")&gt;, &lt;selenium.webdriver.remote.webelement.WebElement (session="ad544e5a2e4b5da5845f0e12f55c058a", element="f.2B32E03EEA1FEDA0422A98B961809151.d.6CD36C9DD2E98CBD194BD1FA979BCEF8.e.139")&gt;, &lt;selenium.webdriver.remote.webelement.WebElement (session="ad544e5a2e4b5da5845f0e12f55c058a", element="f.2B32E03EEA1FEDA0422A98B961809151.d.6CD36C9DD2E98CBD194BD1FA979BCEF8.e.140")&gt;, &lt;selenium.webdriver.remote.webelement.WebElement (session="ad544e5a2e4b5da5845f0e12f55c058a", element="f.2B32E03EEA1FEDA0422A98B961809151.d.6CD36C9DD2E98CBD194BD1FA979BCEF8.e.141")&gt;, &lt;selenium.webdriver.remote.webelement.WebElement (session="ad544e5a2e4b5da5845f0e12f55c058a", element="f.2B32E03EEA1FEDA0422A98B961809151.d.6CD36C9DD2E98CBD194BD1FA979BCEF8.e.142")&gt;, &lt;selenium.webdriver.remote.webelement.WebElement (session="ad544e5a2e4b5da5845f0e12f55c058a", element="f.2B32E03EEA1FEDA0422A98B961809151.d.6CD36C9DD2E98CBD194BD1FA979BCEF8.e.143")&gt;, &lt;selenium.webdriver.remote.webelement.WebElement (session="ad544e5a2e4b5da5845f0e12f55c058a", element="f.2B32E03EEA1FEDA0422A98B961809151.d.6CD36C9DD2E98CBD194BD1FA979BCEF8.e.144")&gt;, &lt;selenium.webdriver.remote.webelement.WebElement (session="ad544e5a2e4b5da5845f0e12f55c058a", element="f.2B32E03EEA1FEDA0422A98B961809151.d.6CD36C9DD2E98CBD194BD1FA979BCEF8.e.145")&gt;, &lt;selenium.webdriver.remote.webelement.WebElement (session="ad544e5a2e4b5da5845f0e12f55c058a", element="f.2B32E03EEA1FEDA0422A98B961809151.d.6CD36C9DD2E98CBD194BD1FA979BCEF8.e.146")&gt;, &lt;selenium.webdriver.remote.webelement.WebElement (session="ad544e5a2e4b5da5845f0e12f55c058a", element="f.2B32E03EEA1FEDA0422A98B961809151.d.6CD36C9DD2E98CBD194BD1FA979BCEF8.e.147")&gt;, &lt;selenium.webdriver.remote.webelement.WebElement (session="ad544e5a2e4b5da5845f0e12f55c058a", element="f.2B32E03EEA1FEDA0422A98B961809151.d.6CD36C9DD2E98CBD194BD1FA979BCEF8.e.148")&gt;, &lt;selenium.webdriver.remote.webelement.WebElement (session="ad544e5a2e4b5da5845f0e12f55c058a", element="f.2B32E03EEA1FEDA0422A98B961809151.d.6CD36C9DD2E98CBD194BD1FA979BCEF8.e.149")&gt;, &lt;selenium.webdriver.remote.webelement.WebElement (session="ad544e5a2e4b5da5845f0e12f55c058a", element="f.2B32E03EEA1FEDA0422A98B961809151.d.6CD36C9DD2E98CBD194BD1FA979BCEF8.e.150")&gt;, &lt;selenium.webdriver.remote.webelement.WebElement (session="ad544e5a2e4b5da5845f0e12f55c058a", element="f.2B32E03EEA1FEDA0422A98B961809151.d.6CD36C9DD2E98CBD194BD1FA979BCEF8.e.151")&gt;, &lt;selenium.webdriver.remote.webelement.WebElement (session="ad544e5a2e4b5da5845f0e12f55c058a", element="f.2B32E03EEA1FEDA0422A98B961809151.d.6CD36C9DD2E98CBD194BD1FA979BCEF8.e.152")&gt;, &lt;selenium.webdriver.remote.webelement.WebElement (session="ad544e5a2e4b5da5845f0e12f55c058a", element="f.2B32E03EEA1FEDA0422A98B961809151.d.6CD36C9DD2E98CBD194BD1FA979BCEF8.e.153")&gt;, &lt;selenium.webdriver.remote.webelement.WebElement (session="ad544e5a2e4b5da5845f0e12f55c058a", element="f.2B32E03EEA1FEDA0422A98B961809151.d.6CD36C9DD2E98CBD194BD1FA979BCEF8.e.154")&gt;, &lt;selenium.webdriver.remote.webelement.WebElement (session="ad544e5a2e4b5da5845f0e12f55c058a", element="f.2B32E03EEA1FEDA0422A98B961809151.d.6CD36C9DD2E98CBD194BD1FA979BCEF8.e.155")&gt;, &lt;selenium.webdriver.remote.webelement.WebElement (session="ad544e5a2e4b5da5845f0e12f55c058a", element="f.2B32E03EEA1FEDA0422A98B961809151.d.6CD36C9DD2E98CBD194BD1FA979BCEF8.e.156")&gt;, &lt;selenium.webdriver.remote.webelement.WebElement (session="ad544e5a2e4b5da5845f0e12f55c058a", element="f.2B32E03EEA1FEDA0422A98B961809151.d.6CD36C9DD2E98CBD194BD1FA979BCEF8.e.157")&gt;, &lt;selenium.webdriver.remote.webelement.WebElement (session="ad544e5a2e4b5da5845f0e12f55c058a", element="f.2B32E03EEA1FEDA0422A98B961809151.d.6CD36C9DD2E98CBD194BD1FA979BCEF8.e.158")&gt;, &lt;selenium.webdriver.remote.webelement.WebElement (session="ad544e5a2e4b5da5845f0e12f55c058a", element="f.2B32E03EEA1FEDA0422A98B961809151.d.6CD36C9DD2E98CBD194BD1FA979BCEF8.e.159")&gt;, &lt;selenium.webdriver.remote.webelement.WebElement (session="ad544e5a2e4b5da5845f0e12f55c058a", element="f.2B32E03EEA1FEDA0422A98B961809151.d.6CD36C9DD2E98CBD194BD1FA979BCEF8.e.160")&gt;, &lt;selenium.webdriver.remote.webelement.WebElement (session="ad544e5a2e4b5da5845f0e12f55c058a", element="f.2B32E03EEA1FEDA0422A98B961809151.d.6CD36C9DD2E98CBD194BD1FA979BCEF8.e.161")&gt;, &lt;selenium.webdriver.remote.webelement.WebElement (session="ad544e5a2e4b5da5845f0e12f55c058a", element="f.2B32E03EEA1FEDA0422A98B961809151.d.6CD36C9DD2E98CBD194BD1FA979BCEF8.e.162")&gt;, &lt;selenium.webdriver.remote.webelement.WebElement (session="ad544e5a2e4b5da5845f0e12f55c058a", element="f.2B32E03EEA1FEDA0422A98B961809151.d.6CD36C9DD2E98CBD194BD1FA979BCEF8.e.163")&gt;, &lt;selenium.webdriver.remote.webelement.WebElement (session="ad544e5a2e4b5da5845f0e12f55c058a", element="f.2B32E03EEA1FEDA0422A98B961809151.d.6CD36C9DD2E98CBD194BD1FA979BCEF8.e.164")&gt;, &lt;selenium.webdriver.remote.webelement.WebElement (session="ad544e5a2e4b5da5845f0e12f55c058a", element="f.2B32E03EEA1FEDA0422A98B961809151.d.6CD36C9DD2E98CBD194BD1FA979BCEF8.e.165")&gt;, &lt;selenium.webdriver.remote.webelement.WebElement (session="ad544e5a2e4b5da5845f0e12f55c058a", element="f.2B32E03EEA1FEDA0422A98B961809151.d.6CD36C9DD2E98CBD194BD1FA979BCEF8.e.166")&gt;, &lt;selenium.webdriver.remote.webelement.WebElement (session="ad544e5a2e4b5da5845f0e12f55c058a", element="f.2B32E03EEA1FEDA0422A98B961809151.d.6CD36C9DD2E98CBD194BD1FA979BCEF8.e.167")&gt;, &lt;selenium.webdriver.remote.webelement.WebElement (session="ad544e5a2e4b5da5845f0e12f55c058a", element="f.2B32E03EEA1FEDA0422A98B961809151.d.6CD36C9DD2E98CBD194BD1FA979BCEF8.e.168")&gt;, &lt;selenium.webdriver.remote.webelement.WebElement (session="ad544e5a2e4b5da5845f0e12f55c058a", element="f.2B32E03EEA1FEDA0422A98B961809151.d.6CD36C9DD2E98CBD194BD1FA979BCEF8.e.169")&gt;, &lt;selenium.webdriver.remote.webelement.WebElement (session="ad544e5a2e4b5da5845f0e12f55c058a", element="f.2B32E03EEA1FEDA0422A98B961809151.d.6CD36C9DD2E98CBD194BD1FA979BCEF8.e.170")&gt;, &lt;selenium.webdriver.remote.webelement.WebElement (session="ad544e5a2e4b5da5845f0e12f55c058a", element="f.2B32E03EEA1FEDA0422A98B961809151.d.6CD36C9DD2E98CBD194BD1FA979BCEF8.e.171")&gt;, &lt;selenium.webdriver.remote.webelement.WebElement (session="ad544e5a2e4b5da5845f0e12f55c058a", element="f.2B32E03EEA1FEDA0422A98B961809151.d.6CD36C9DD2E98CBD194BD1FA979BCEF8.e.172")&gt;, &lt;selenium.webdriver.remote.webelement.WebElement (session="ad544e5a2e4b5da5845f0e12f55c058a", element="f.2B32E03EEA1FEDA0422A98B961809151.d.6CD36C9DD2E98CBD194BD1FA979BCEF8.e.173")&gt;, &lt;selenium.webdriver.remote.webelement.WebElement (session="ad544e5a2e4b5da5845f0e12f55c058a", element="f.2B32E03EEA1FEDA0422A98B961809151.d.6CD36C9DD2E98CBD194BD1FA979BCEF8.e.174")&gt;, &lt;selenium.webdriver.remote.webelement.WebElement (session="ad544e5a2e4b5da5845f0e12f55c058a", element="f.2B32E03EEA1FEDA0422A98B961809151.d.6CD36C9DD2E98CBD194BD1FA979BCEF8.e.175")&gt;, &lt;selenium.webdriver.remote.webelement.WebElement (session="ad544e5a2e4b5da5845f0e12f55c058a", element="f.2B32E03EEA1FEDA0422A98B961809151.d.6CD36C9DD2E98CBD194BD1FA979BCEF8.e.176")&gt;, &lt;selenium.webdriver.remote.webelement.WebElement (session="ad544e5a2e4b5da5845f0e12f55c058a", element="f.2B32E03EEA1FEDA0422A98B961809151.d.6CD36C9DD2E98CBD194BD1FA979BCEF8.e.177")&gt;, &lt;selenium.webdriver.remote.webelement.WebElement (session="ad544e5a2e4b5da5845f0e12f55c058a", element="f.2B32E03EEA1FEDA0422A98B961809151.d.6CD36C9DD2E98CBD194BD1FA979BCEF8.e.178")&gt;, &lt;selenium.webdriver.remote.webelement.WebElement (session="ad544e5a2e4b5da5845f0e12f55c058a", element="f.2B32E03EEA1FEDA0422A98B961809151.d.6CD36C9DD2E98CBD194BD1FA979BCEF8.e.179")&gt;, &lt;selenium.webdriver.remote.webelement.WebElement (session="ad544e5a2e4b5da5845f0e12f55c058a", element="f.2B32E03EEA1FEDA0422A98B961809151.d.6CD36C9DD2E98CBD194BD1FA979BCEF8.e.180")&gt;, &lt;selenium.webdriver.remote.webelement.WebElement (session="ad544e5a2e4b5da5845f0e12f55c058a", element="f.2B32E03EEA1FEDA0422A98B961809151.d.6CD36C9DD2E98CBD194BD1FA979BCEF8.e.181")&gt;, &lt;selenium.webdriver.remote.webelement.WebElement (session="ad544e5a2e4b5da5845f0e12f55c058a", element="f.2B32E03EEA1FEDA0422A98B961809151.d.6CD36C9DD2E98CBD194BD1FA979BCEF8.e.182")&gt;, &lt;selenium.webdriver.remote.webelement.WebElement (session="ad544e5a2e4b5da5845f0e12f55c058a", element="f.2B32E03EEA1FEDA0422A98B961809151.d.6CD36C9DD2E98CBD194BD1FA979BCEF8.e.183")&gt;, &lt;selenium.webdriver.remote.webelement.WebElement (session="ad544e5a2e4b5da5845f0e12f55c058a", element="f.2B32E03EEA1FEDA0422A98B961809151.d.6CD36C9DD2E98CBD194BD1FA979BCEF8.e.184")&gt;, &lt;selenium.webdriver.remote.webelement.WebElement (session="ad544e5a2e4b5da5845f0e12f55c058a", element="f.2B32E03EEA1FEDA0422A98B961809151.d.6CD36C9DD2E98CBD194BD1FA979BCEF8.e.185")&gt;, &lt;selenium.webdriver.remote.webelement.WebElement (session="ad544e5a2e4b5da5845f0e12f55c058a", element="f.2B32E03EEA1FEDA0422A98B961809151.d.6CD36C9DD2E98CBD194BD1FA979BCEF8.e.186")&gt;, &lt;selenium.webdriver.remote.webelement.WebElement (session="ad544e5a2e4b5da5845f0e12f55c058a", element="f.2B32E03EEA1FEDA0422A98B961809151.d.6CD36C9DD2E98CBD194BD1FA979BCEF8.e.187")&gt;, &lt;selenium.webdriver.remote.webelement.WebElement (session="ad544e5a2e4b5da5845f0e12f55c058a", element="f.2B32E03EEA1FEDA0422A98B961809151.d.6CD36C9DD2E98CBD194BD1FA979BCEF8.e.188")&gt;, &lt;selenium.webdriver.remote.webelement.WebElement (session="ad544e5a2e4b5da5845f0e12f55c058a", element="f.2B32E03EEA1FEDA0422A98B961809151.d.6CD36C9DD2E98CBD194BD1FA979BCEF8.e.189")&gt;, &lt;selenium.webdriver.remote.webelement.WebElement (session="ad544e5a2e4b5da5845f0e12f55c058a", element="f.2B32E03EEA1FEDA0422A98B961809151.d.6CD36C9DD2E98CBD194BD1FA979BCEF8.e.190")&gt;, &lt;selenium.webdriver.remote.webelement.WebElement (session="ad544e5a2e4b5da5845f0e12f55c058a", element="f.2B32E03EEA1FEDA0422A98B961809151.d.6CD36C9DD2E98CBD194BD1FA979BCEF8.e.191")&gt;, &lt;selenium.webdriver.remote.webelement.WebElement (session="ad544e5a2e4b5da5845f0e12f55c058a", element="f.2B32E03EEA1FEDA0422A98B961809151.d.6CD36C9DD2E98CBD194BD1FA979BCEF8.e.192")&gt;, &lt;selenium.webdriver.remote.webelement.WebElement (session="ad544e5a2e4b5da5845f0e12f55c058a", element="f.2B32E03EEA1FEDA0422A98B961809151.d.6CD36C9DD2E98CBD194BD1FA979BCEF8.e.193")&gt;, &lt;selenium.webdriver.remote.webelement.WebElement (session="ad544e5a2e4b5da5845f0e12f55c058a", element="f.2B32E03EEA1FEDA0422A98B961809151.d.6CD36C9DD2E98CBD194BD1FA979BCEF8.e.194")&gt;, &lt;selenium.webdriver.remote.webelement.WebElement (session="ad544e5a2e4b5da5845f0e12f55c058a", element="f.2B32E03EEA1FEDA0422A98B961809151.d.6CD36C9DD2E98CBD194BD1FA979BCEF8.e.195")&gt;, &lt;selenium.webdriver.remote.webelement.WebElement (session="ad544e5a2e4b5da5845f0e12f55c058a", element="f.2B32E03EEA1FEDA0422A98B961809151.d.6CD36C9DD2E98CBD194BD1FA979BCEF8.e.196")&gt;, &lt;selenium.webdriver.remote.webelement.WebElement (session="ad544e5a2e4b5da5845f0e12f55c058a", element="f.2B32E03EEA1FEDA0422A98B961809151.d.6CD36C9DD2E98CBD194BD1FA979BCEF8.e.197")&gt;, &lt;selenium.webdriver.remote.webelement.WebElement (session="ad544e5a2e4b5da5845f0e12f55c058a", element="f.2B32E03EEA1FEDA0422A98B961809151.d.6CD36C9DD2E98CBD194BD1FA979BCEF8.e.198")&gt;, &lt;selenium.webdriver.remote.webelement.WebElement (session="ad544e5a2e4b5da5845f0e12f55c058a", element="f.2B32E03EEA1FEDA0422A98B961809151.d.6CD36C9DD2E98CBD194BD1FA979BCEF8.e.199")&gt;, &lt;selenium.webdriver.remote.webelement.WebElement (session="ad544e5a2e4b5da5845f0e12f55c058a", element="f.2B32E03EEA1FEDA0422A98B961809151.d.6CD36C9DD2E98CBD194BD1FA979BCEF8.e.200")&gt;, &lt;selenium.webdriver.remote.webelement.WebElement (session="ad544e5a2e4b5da5845f0e12f55c058a", element="f.2B32E03EEA1FEDA0422A98B961809151.d.6CD36C9DD2E98CBD194BD1FA979BCEF8.e.201")&gt;, &lt;selenium.webdriver.remote.webelement.WebElement (session="ad544e5a2e4b5da5845f0e12f55c058a", element="f.2B32E03EEA1FEDA0422A98B961809151.d.6CD36C9DD2E98CBD194BD1FA979BCEF8.e.202")&gt;, &lt;selenium.webdriver.remote.webelement.WebElement (session="ad544e5a2e4b5da5845f0e12f55c058a", element="f.2B32E03EEA1FEDA0422A98B961809151.d.6CD36C9DD2E98CBD194BD1FA979BCEF8.e.203")&gt;, &lt;selenium.webdriver.remote.webelement.WebElement (session="ad544e5a2e4b5da5845f0e12f55c058a", element="f.2B32E03EEA1FEDA0422A98B961809151.d.6CD36C9DD2E98CBD194BD1FA979BCEF8.e.204")&gt;, &lt;selenium.webdriver.remote.webelement.WebElement (session="ad544e5a2e4b5da5845f0e12f55c058a", element="f.2B32E03EEA1FEDA0422A98B961809151.d.6CD36C9DD2E98CBD194BD1FA979BCEF8.e.205")&gt;, &lt;selenium.webdriver.remote.webelement.WebElement (session="ad544e5a2e4b5da5845f0e12f55c058a", element="f.2B32E03EEA1FEDA0422A98B961809151.d.6CD36C9DD2E98CBD194BD1FA979BCEF8.e.206")&gt;, &lt;selenium.webdriver.remote.webelement.WebElement (session="ad544e5a2e4b5da5845f0e12f55c058a", element="f.2B32E03EEA1FEDA0422A98B961809151.d.6CD36C9DD2E98CBD194BD1FA979BCEF8.e.207")&gt;, &lt;selenium.webdriver.remote.webelement.WebElement (session="ad544e5a2e4b5da5845f0e12f55c058a", element="f.2B32E03EEA1FEDA0422A98B961809151.d.6CD36C9DD2E98CBD194BD1FA979BCEF8.e.208")&gt;, &lt;selenium.webdriver.remote.webelement.WebElement (session="ad544e5a2e4b5da5845f0e12f55c058a", element="f.2B32E03EEA1FEDA0422A98B961809151.d.6CD36C9DD2E98CBD194BD1FA979BCEF8.e.209")&gt;, &lt;selenium.webdriver.remote.webelement.WebElement (session="ad544e5a2e4b5da5845f0e12f55c058a", element="f.2B32E03EEA1FEDA0422A98B961809151.d.6CD36C9DD2E98CBD194BD1FA979BCEF8.e.210")&gt;, &lt;selenium.webdriver.remote.webelement.WebElement (session="ad544e5a2e4b5da5845f0e12f55c058a", element="f.2B32E03EEA1FEDA0422A98B961809151.d.6CD36C9DD2E98CBD194BD1FA979BCEF8.e.211")&gt;, &lt;selenium.webdriver.remote.webelement.WebElement (session="ad544e5a2e4b5da5845f0e12f55c058a", element="f.2B32E03EEA1FEDA0422A98B961809151.d.6CD36C9DD2E98CBD194BD1FA979BCEF8.e.212")&gt;, &lt;selenium.webdriver.remote.webelement.WebElement (session="ad544e5a2e4b5da5845f0e12f55c058a", element="f.2B32E03EEA1FEDA0422A98B961809151.d.6CD36C9DD2E98CBD194BD1FA979BCEF8.e.213")&gt;, &lt;selenium.webdriver.remote.webelement.WebElement (session="ad544e5a2e4b5da5845f0e12f55c058a", element="f.2B32E03EEA1FEDA0422A98B961809151.d.6CD36C9DD2E98CBD194BD1FA979BCEF8.e.214")&gt;, &lt;selenium.webdriver.remote.webelement.WebElement (session="ad544e5a2e4b5da5845f0e12f55c058a", element="f.2B32E03EEA1FEDA0422A98B961809151.d.6CD36C9DD2E98CBD194BD1FA979BCEF8.e.215")&gt;, &lt;selenium.webdriver.remote.webelement.WebElement (session="ad544e5a2e4b5da5845f0e12f55c058a", element="f.2B32E03EEA1FEDA0422A98B961809151.d.6CD36C9DD2E98CBD194BD1FA979BCEF8.e.216")&gt;, &lt;selenium.webdriver.remote.webelement.WebElement (session="ad544e5a2e4b5da5845f0e12f55c058a", element="f.2B32E03EEA1FEDA0422A98B961809151.d.6CD36C9DD2E98CBD194BD1FA979BCEF8.e.217")&gt;, &lt;selenium.webdriver.remote.webelement.WebElement (session="ad544e5a2e4b5da5845f0e12f55c058a", element="f.2B32E03EEA1FEDA0422A98B961809151.d.6CD36C9DD2E98CBD194BD1FA979BCEF8.e.218")&gt;, &lt;selenium.webdriver.remote.webelement.WebElement (session="ad544e5a2e4b5da5845f0e12f55c058a", element="f.2B32E03EEA1FEDA0422A98B961809151.d.6CD36C9DD2E98CBD194BD1FA979BCEF8.e.219")&gt;, &lt;selenium.webdriver.remote.webelement.WebElement (session="ad544e5a2e4b5da5845f0e12f55c058a", element="f.2B32E03EEA1FEDA0422A98B961809151.d.6CD36C9DD2E98CBD194BD1FA979BCEF8.e.220")&gt;, &lt;selenium.webdriver.remote.webelement.WebElement (session="ad544e5a2e4b5da5845f0e12f55c058a", element="f.2B32E03EEA1FEDA0422A98B961809151.d.6CD36C9DD2E98CBD194BD1FA979BCEF8.e.221")&gt;, &lt;selenium.webdriver.remote.webelement.WebElement (session="ad544e5a2e4b5da5845f0e12f55c058a", element="f.2B32E03EEA1FEDA0422A98B961809151.d.6CD36C9DD2E98CBD194BD1FA979BCEF8.e.222")&gt;, &lt;selenium.webdriver.remote.webelement.WebElement (session="ad544e5a2e4b5da5845f0e12f55c058a", element="f.2B32E03EEA1FEDA0422A98B961809151.d.6CD36C9DD2E98CBD194BD1FA979BCEF8.e.223")&gt;, &lt;selenium.webdriver.remote.webelement.WebElement (session="ad544e5a2e4b5da5845f0e12f55c058a", element="f.2B32E03EEA1FEDA0422A98B961809151.d.6CD36C9DD2E98CBD194BD1FA979BCEF8.e.224")&gt;, &lt;selenium.webdriver.remote.webelement.WebElement (session="ad544e5a2e4b5da5845f0e12f55c058a", element="f.2B32E03EEA1FEDA0422A98B961809151.d.6CD36C9DD2E98CBD194BD1FA979BCEF8.e.225")&gt;, &lt;selenium.webdriver.remote.webelement.WebElement (session="ad544e5a2e4b5da5845f0e12f55c058a", element="f.2B32E03EEA1FEDA0422A98B961809151.d.6CD36C9DD2E98CBD194BD1FA979BCEF8.e.226")&gt;, &lt;selenium.webdriver.remote.webelement.WebElement (session="ad544e5a2e4b5da5845f0e12f55c058a", element="f.2B32E03EEA1FEDA0422A98B961809151.d.6CD36C9DD2E98CBD194BD1FA979BCEF8.e.227")&gt;, &lt;selenium.webdriver.remote.webelement.WebElement (session="ad544e5a2e4b5da5845f0e12f55c058a", element="f.2B32E03EEA1FEDA0422A98B961809151.d.6CD36C9DD2E98CBD194BD1FA979BCEF8.e.228")&gt;, &lt;selenium.webdriver.remote.webelement.WebElement (session="ad544e5a2e4b5da5845f0e12f55c058a", element="f.2B32E03EEA1FEDA0422A98B961809151.d.6CD36C9DD2E98CBD194BD1FA979BCEF8.e.229")&gt;, &lt;selenium.webdriver.remote.webelement.WebElement (session="ad544e5a2e4b5da5845f0e12f55c058a", element="f.2B32E03EEA1FEDA0422A98B961809151.d.6CD36C9DD2E98CBD194BD1FA979BCEF8.e.230")&gt;, &lt;selenium.webdriver.remote.webelement.WebElement (session="ad544e5a2e4b5da5845f0e12f55c058a", element="f.2B32E03EEA1FEDA0422A98B961809151.d.6CD36C9DD2E98CBD194BD1FA979BCEF8.e.231")&gt;, &lt;selenium.webdriver.remote.webelement.WebElement (session="ad544e5a2e4b5da5845f0e12f55c058a", element="f.2B32E03EEA1FEDA0422A98B961809151.d.6CD36C9DD2E98CBD194BD1FA979BCEF8.e.232")&gt;, &lt;selenium.webdriver.remote.webelement.WebElement (session="ad544e5a2e4b5da5845f0e12f55c058a", element="f.2B32E03EEA1FEDA0422A98B961809151.d.6CD36C9DD2E98CBD194BD1FA979BCEF8.e.233")&gt;, &lt;selenium.webdriver.remote.webelement.WebElement (session="ad544e5a2e4b5da5845f0e12f55c058a", element="f.2B32E03EEA1FEDA0422A98B961809151.d.6CD36C9DD2E98CBD194BD1FA979BCEF8.e.234")&gt;, &lt;selenium.webdriver.remote.webelement.WebElement (session="ad544e5a2e4b5da5845f0e12f55c058a", element="f.2B32E03EEA1FEDA0422A98B961809151.d.6CD36C9DD2E98CBD194BD1FA979BCEF8.e.235")&gt;, &lt;selenium.webdriver.remote.webelement.WebElement (session="ad544e5a2e4b5da5845f0e12f55c058a", element="f.2B32E03EEA1FEDA0422A98B961809151.d.6CD36C9DD2E98CBD194BD1FA979BCEF8.e.236")&gt;, &lt;selenium.webdriver.remote.webelement.WebElement (session="ad544e5a2e4b5da5845f0e12f55c058a", element="f.2B32E03EEA1FEDA0422A98B961809151.d.6CD36C9DD2E98CBD194BD1FA979BCEF8.e.237")&gt;, &lt;selenium.webdriver.remote.webelement.WebElement (session="ad544e5a2e4b5da5845f0e12f55c058a", element="f.2B32E03EEA1FEDA0422A98B961809151.d.6CD36C9DD2E98CBD194BD1FA979BCEF8.e.238")&gt;, &lt;selenium.webdriver.remote.webelement.WebElement (session="ad544e5a2e4b5da5845f0e12f55c058a", element="f.2B32E03EEA1FEDA0422A98B961809151.d.6CD36C9DD2E98CBD194BD1FA979BCEF8.e.239")&gt;, &lt;selenium.webdriver.remote.webelement.WebElement (session="ad544e5a2e4b5da5845f0e12f55c058a", element="f.2B32E03EEA1FEDA0422A98B961809151.d.6CD36C9DD2E98CBD194BD1FA979BCEF8.e.240")&gt;, &lt;selenium.webdriver.remote.webelement.WebElement (session="ad544e5a2e4b5da5845f0e12f55c058a", element="f.2B32E03EEA1FEDA0422A98B961809151.d.6CD36C9DD2E98CBD194BD1FA979BCEF8.e.241")&gt;, &lt;selenium.webdriver.remote.webelement.WebElement (session="ad544e5a2e4b5da5845f0e12f55c058a", element="f.2B32E03EEA1FEDA0422A98B961809151.d.6CD36C9DD2E98CBD194BD1FA979BCEF8.e.242")&gt;, &lt;selenium.webdriver.remote.webelement.WebElement (session="ad544e5a2e4b5da5845f0e12f55c058a", element="f.2B32E03EEA1FEDA0422A98B961809151.d.6CD36C9DD2E98CBD194BD1FA979BCEF8.e.243")&gt;, &lt;selenium.webdriver.remote.webelement.WebElement (session="ad544e5a2e4b5da5845f0e12f55c058a", element="f.2B32E03EEA1FEDA0422A98B961809151.d.6CD36C9DD2E98CBD194BD1FA979BCEF8.e.244")&gt;, &lt;selenium.webdriver.remote.webelement.WebElement (session="ad544e5a2e4b5da5845f0e12f55c058a", element="f.2B32E03EEA1FEDA0422A98B961809151.d.6CD36C9DD2E98CBD194BD1FA979BCEF8.e.245")&gt;, &lt;selenium.webdriver.remote.webelement.WebElement (session="ad544e5a2e4b5da5845f0e12f55c058a", element="f.2B32E03EEA1FEDA0422A98B961809151.d.6CD36C9DD2E98CBD194BD1FA979BCEF8.e.246")&gt;, &lt;selenium.webdriver.remote.webelement.WebElement (session="ad544e5a2e4b5da5845f0e12f55c058a", element="f.2B32E03EEA1FEDA0422A98B961809151.d.6CD36C9DD2E98CBD194BD1FA979BCEF8.e.247")&gt;, &lt;selenium.webdriver.remote.webelement.WebElement (session="ad544e5a2e4b5da5845f0e12f55c058a", element="f.2B32E03EEA1FEDA0422A98B961809151.d.6CD36C9DD2E98CBD194BD1FA979BCEF8.e.248")&gt;, &lt;selenium.webdriver.remote.webelement.WebElement (session="ad544e5a2e4b5da5845f0e12f55c058a", element="f.2B32E03EEA1FEDA0422A98B961809151.d.6CD36C9DD2E98CBD194BD1FA979BCEF8.e.249")&gt;, &lt;selenium.webdriver.remote.webelement.WebElement (session="ad544e5a2e4b5da5845f0e12f55c058a", element="f.2B32E03EEA1FEDA0422A98B961809151.d.6CD36C9DD2E98CBD194BD1FA979BCEF8.e.250")&gt;, &lt;selenium.webdriver.remote.webelement.WebElement (session="ad544e5a2e4b5da5845f0e12f55c058a", element="f.2B32E03EEA1FEDA0422A98B961809151.d.6CD36C9DD2E98CBD194BD1FA979BCEF8.e.251")&gt;, &lt;selenium.webdriver.remote.webelement.WebElement (session="ad544e5a2e4b5da5845f0e12f55c058a", element="f.2B32E03EEA1FEDA0422A98B961809151.d.6CD36C9DD2E98CBD194BD1FA979BCEF8.e.252")&gt;, &lt;selenium.webdriver.remote.webelement.WebElement (session="ad544e5a2e4b5da5845f0e12f55c058a", element="f.2B32E03EEA1FEDA0422A98B961809151.d.6CD36C9DD2E98CBD194BD1FA979BCEF8.e.253")&gt;, &lt;selenium.webdriver.remote.webelement.WebElement (session="ad544e5a2e4b5da5845f0e12f55c058a", element="f.2B32E03EEA1FEDA0422A98B961809151.d.6CD36C9DD2E98CBD194BD1FA979BCEF8.e.254")&gt;, &lt;selenium.webdriver.remote.webelement.WebElement (session="ad544e5a2e4b5da5845f0e12f55c058a", element="f.2B32E03EEA1FEDA0422A98B961809151.d.6CD36C9DD2E98CBD194BD1FA979BCEF8.e.255")&gt;, &lt;selenium.webdriver.remote.webelement.WebElement (session="ad544e5a2e4b5da5845f0e12f55c058a", element="f.2B32E03EEA1FEDA0422A98B961809151.d.6CD36C9DD2E98CBD194BD1FA979BCEF8.e.256")&gt;, &lt;selenium.webdriver.remote.webelement.WebElement (session="ad544e5a2e4b5da5845f0e12f55c058a", element="f.2B32E03EEA1FEDA0422A98B961809151.d.6CD36C9DD2E98CBD194BD1FA979BCEF8.e.257")&gt;, &lt;selenium.webdriver.remote.webelement.WebElement (session="ad544e5a2e4b5da5845f0e12f55c058a", element="f.2B32E03EEA1FEDA0422A98B961809151.d.6CD36C9DD2E98CBD194BD1FA979BCEF8.e.258")&gt;, &lt;selenium.webdriver.remote.webelement.WebElement (session="ad544e5a2e4b5da5845f0e12f55c058a", element="f.2B32E03EEA1FEDA0422A98B961809151.d.6CD36C9DD2E98CBD194BD1FA979BCEF8.e.259")&gt;, &lt;selenium.webdriver.remote.webelement.WebElement (session="ad544e5a2e4b5da5845f0e12f55c058a", element="f.2B32E03EEA1FEDA0422A98B961809151.d.6CD36C9DD2E98CBD194BD1FA979BCEF8.e.260")&gt;, &lt;selenium.webdriver.remote.webelement.WebElement (session="ad544e5a2e4b5da5845f0e12f55c058a", element="f.2B32E03EEA1FEDA0422A98B961809151.d.6CD36C9DD2E98CBD194BD1FA979BCEF8.e.261")&gt;, &lt;selenium.webdriver.remote.webelement.WebElement (session="ad544e5a2e4b5da5845f0e12f55c058a", element="f.2B32E03EEA1FEDA0422A98B961809151.d.6CD36C9DD2E98CBD194BD1FA979BCEF8.e.262")&gt;, &lt;selenium.webdriver.remote.webelement.WebElement (session="ad544e5a2e4b5da5845f0e12f55c058a", element="f.2B32E03EEA1FEDA0422A98B961809151.d.6CD36C9DD2E98CBD194BD1FA979BCEF8.e.263")&gt;, &lt;selenium.webdriver.remote.webelement.WebElement (session="ad544e5a2e4b5da5845f0e12f55c058a", element="f.2B32E03EEA1FEDA0422A98B961809151.d.6CD36C9DD2E98CBD194BD1FA979BCEF8.e.264")&gt;, &lt;selenium.webdriver.remote.webelement.WebElement (session="ad544e5a2e4b5da5845f0e12f55c058a", element="f.2B32E03EEA1FEDA0422A98B961809151.d.6CD36C9DD2E98CBD194BD1FA979BCEF8.e.265")&gt;, &lt;selenium.webdriver.remote.webelement.WebElement (session="ad544e5a2e4b5da5845f0e12f55c058a", element="f.2B32E03EEA1FEDA0422A98B961809151.d.6CD36C9DD2E98CBD194BD1FA979BCEF8.e.266")&gt;, &lt;selenium.webdriver.remote.webelement.WebElement (session="ad544e5a2e4b5da5845f0e12f55c058a", element="f.2B32E03EEA1FEDA0422A98B961809151.d.6CD36C9DD2E98CBD194BD1FA979BCEF8.e.267")&gt;, &lt;selenium.webdriver.remote.webelement.WebElement (session="ad544e5a2e4b5da5845f0e12f55c058a", element="f.2B32E03EEA1FEDA0422A98B961809151.d.6CD36C9DD2E98CBD194BD1FA979BCEF8.e.268")&gt;, &lt;selenium.webdriver.remote.webelement.WebElement (session="ad544e5a2e4b5da5845f0e12f55c058a", element="f.2B32E03EEA1FEDA0422A98B961809151.d.6CD36C9DD2E98CBD194BD1FA979BCEF8.e.269")&gt;, &lt;selenium.webdriver.remote.webelement.WebElement (session="ad544e5a2e4b5da5845f0e12f55c058a", element="f.2B32E03EEA1FEDA0422A98B961809151.d.6CD36C9DD2E98CBD194BD1FA979BCEF8.e.270")&gt;, &lt;selenium.webdriver.remote.webelement.WebElement (session="ad544e5a2e4b5da5845f0e12f55c058a", element="f.2B32E03EEA1FEDA0422A98B961809151.d.6CD36C9DD2E98CBD194BD1FA979BCEF8.e.271")&gt;, &lt;selenium.webdriver.remote.webelement.WebElement (session="ad544e5a2e4b5da5845f0e12f55c058a", element="f.2B32E03EEA1FEDA0422A98B961809151.d.6CD36C9DD2E98CBD194BD1FA979BCEF8.e.272")&gt;, &lt;selenium.webdriver.remote.webelement.WebElement (session="ad544e5a2e4b5da5845f0e12f55c058a", element="f.2B32E03EEA1FEDA0422A98B961809151.d.6CD36C9DD2E98CBD194BD1FA979BCEF8.e.273")&gt;, &lt;selenium.webdriver.remote.webelement.WebElement (session="ad544e5a2e4b5da5845f0e12f55c058a", element="f.2B32E03EEA1FEDA0422A98B961809151.d.6CD36C9DD2E98CBD194BD1FA979BCEF8.e.274")&gt;, &lt;selenium.webdriver.remote.webelement.WebElement (session="ad544e5a2e4b5da5845f0e12f55c058a", element="f.2B32E03EEA1FEDA0422A98B961809151.d.6CD36C9DD2E98CBD194BD1FA979BCEF8.e.275")&gt;, &lt;selenium.webdriver.remote.webelement.WebElement (session="ad544e5a2e4b5da5845f0e12f55c058a", element="f.2B32E03EEA1FEDA0422A98B961809151.d.6CD36C9DD2E98CBD194BD1FA979BCEF8.e.276")&gt;, &lt;selenium.webdriver.remote.webelement.WebElement (session="ad544e5a2e4b5da5845f0e12f55c058a", element="f.2B32E03EEA1FEDA0422A98B961809151.d.6CD36C9DD2E98CBD194BD1FA979BCEF8.e.277")&gt;, &lt;selenium.webdriver.remote.webelement.WebElement (session="ad544e5a2e4b5da5845f0e12f55c058a", element="f.2B32E03EEA1FEDA0422A98B961809151.d.6CD36C9DD2E98CBD194BD1FA979BCEF8.e.278")&gt;, &lt;selenium.webdriver.remote.webelement.WebElement (session="ad544e5a2e4b5da5845f0e12f55c058a", element="f.2B32E03EEA1FEDA0422A98B961809151.d.6CD36C9DD2E98CBD194BD1FA979BCEF8.e.279")&gt;, &lt;selenium.webdriver.remote.webelement.WebElement (session="ad544e5a2e4b5da5845f0e12f55c058a", element="f.2B32E03EEA1FEDA0422A98B961809151.d.6CD36C9DD2E98CBD194BD1FA979BCEF8.e.280")&gt;, &lt;selenium.webdriver.remote.webelement.WebElement (session="ad544e5a2e4b5da5845f0e12f55c058a", element="f.2B32E03EEA1FEDA0422A98B961809151.d.6CD36C9DD2E98CBD194BD1FA979BCEF8.e.281")&gt;, &lt;selenium.webdriver.remote.webelement.WebElement (session="ad544e5a2e4b5da5845f0e12f55c058a", element="f.2B32E03EEA1FEDA0422A98B961809151.d.6CD36C9DD2E98CBD194BD1FA979BCEF8.e.282")&gt;, &lt;selenium.webdriver.remote.webelement.WebElement (session="ad544e5a2e4b5da5845f0e12f55c058a", element="f.2B32E03EEA1FEDA0422A98B961809151.d.6CD36C9DD2E98CBD194BD1FA979BCEF8.e.283")&gt;, &lt;selenium.webdriver.remote.webelement.WebElement (session="ad544e5a2e4b5da5845f0e12f55c058a", element="f.2B32E03EEA1FEDA0422A98B961809151.d.6CD36C9DD2E98CBD194BD1FA979BCEF8.e.284")&gt;, &lt;selenium.webdriver.remote.webelement.WebElement (session="ad544e5a2e4b5da5845f0e12f55c058a", element="f.2B32E03EEA1FEDA0422A98B961809151.d.6CD36C9DD2E98CBD194BD1FA979BCEF8.e.285")&gt;, &lt;selenium.webdriver.remote.webelement.WebElement (session="ad544e5a2e4b5da5845f0e12f55c058a", element="f.2B32E03EEA1FEDA0422A98B961809151.d.6CD36C9DD2E98CBD194BD1FA979BCEF8.e.286")&gt;, &lt;selenium.webdriver.remote.webelement.WebElement (session="ad544e5a2e4b5da5845f0e12f55c058a", element="f.2B32E03EEA1FEDA0422A98B961809151.d.6CD36C9DD2E98CBD194BD1FA979BCEF8.e.287")&gt;, &lt;selenium.webdriver.remote.webelement.WebElement (session="ad544e5a2e4b5da5845f0e12f55c058a", element="f.2B32E03EEA1FEDA0422A98B961809151.d.6CD36C9DD2E98CBD194BD1FA979BCEF8.e.288")&gt;, &lt;selenium.webdriver.remote.webelement.WebElement (session="ad544e5a2e4b5da5845f0e12f55c058a", element="f.2B32E03EEA1FEDA0422A98B961809151.d.6CD36C9DD2E98CBD194BD1FA979BCEF8.e.289")&gt;, &lt;selenium.webdriver.remote.webelement.WebElement (session="ad544e5a2e4b5da5845f0e12f55c058a", element="f.2B32E03EEA1FEDA0422A98B961809151.d.6CD36C9DD2E98CBD194BD1FA979BCEF8.e.290")&gt;, &lt;selenium.webdriver.remote.webelement.WebElement (session="ad544e5a2e4b5da5845f0e12f55c058a", element="f.2B32E03EEA1FEDA0422A98B961809151.d.6CD36C9DD2E98CBD194BD1FA979BCEF8.e.291")&gt;, &lt;selenium.webdriver.remote.webelement.WebElement (session="ad544e5a2e4b5da5845f0e12f55c058a", element="f.2B32E03EEA1FEDA0422A98B961809151.d.6CD36C9DD2E98CBD194BD1FA979BCEF8.e.292")&gt;, &lt;selenium.webdriver.remote.webelement.WebElement (session="ad544e5a2e4b5da5845f0e12f55c058a", element="f.2B32E03EEA1FEDA0422A98B961809151.d.6CD36C9DD2E98CBD194BD1FA979BCEF8.e.293")&gt;, &lt;selenium.webdriver.remote.webelement.WebElement (session="ad544e5a2e4b5da5845f0e12f55c058a", element="f.2B32E03EEA1FEDA0422A98B961809151.d.6CD36C9DD2E98CBD194BD1FA979BCEF8.e.294")&gt;, &lt;selenium.webdriver.remote.webelement.WebElement (session="ad544e5a2e4b5da5845f0e12f55c058a", element="f.2B32E03EEA1FEDA0422A98B961809151.d.6CD36C9DD2E98CBD194BD1FA979BCEF8.e.295")&gt;, &lt;selenium.webdriver.remote.webelement.WebElement (session="ad544e5a2e4b5da5845f0e12f55c058a", element="f.2B32E03EEA1FEDA0422A98B961809151.d.6CD36C9DD2E98CBD194BD1FA979BCEF8.e.296")&gt;, &lt;selenium.webdriver.remote.webelement.WebElement (session="ad544e5a2e4b5da5845f0e12f55c058a", element="f.2B32E03EEA1FEDA0422A98B961809151.d.6CD36C9DD2E98CBD194BD1FA979BCEF8.e.297")&gt;, &lt;selenium.webdriver.remote.webelement.WebElement (session="ad544e5a2e4b5da5845f0e12f55c058a", element="f.2B32E03EEA1FEDA0422A98B961809151.d.6CD36C9DD2E98CBD194BD1FA979BCEF8.e.298")&gt;, &lt;selenium.webdriver.remote.webelement.WebElement (session="ad544e5a2e4b5da5845f0e12f55c058a", element="f.2B32E03EEA1FEDA0422A98B961809151.d.6CD36C9DD2E98CBD194BD1FA979BCEF8.e.299")&gt;, &lt;selenium.webdriver.remote.webelement.WebElement (session="ad544e5a2e4b5da5845f0e12f55c058a", element="f.2B32E03EEA1FEDA0422A98B961809151.d.6CD36C9DD2E98CBD194BD1FA979BCEF8.e.300")&gt;, &lt;selenium.webdriver.remote.webelement.WebElement (session="ad544e5a2e4b5da5845f0e12f55c058a", element="f.2B32E03EEA1FEDA0422A98B961809151.d.6CD36C9DD2E98CBD194BD1FA979BCEF8.e.301")&gt;, &lt;selenium.webdriver.remote.webelement.WebElement (session="ad544e5a2e4b5da5845f0e12f55c058a", element="f.2B32E03EEA1FEDA0422A98B961809151.d.6CD36C9DD2E98CBD194BD1FA979BCEF8.e.302")&gt;, &lt;selenium.webdriver.remote.webelement.WebElement (session="ad544e5a2e4b5da5845f0e12f55c058a", element="f.2B32E03EEA1FEDA0422A98B961809151.d.6CD36C9DD2E98CBD194BD1FA979BCEF8.e.303")&gt;, &lt;selenium.webdriver.remote.webelement.WebElement (session="ad544e5a2e4b5da5845f0e12f55c058a", element="f.2B32E03EEA1FEDA0422A98B961809151.d.6CD36C9DD2E98CBD194BD1FA979BCEF8.e.304")&gt;, &lt;selenium.webdriver.remote.webelement.WebElement (session="ad544e5a2e4b5da5845f0e12f55c058a", element="f.2B32E03EEA1FEDA0422A98B961809151.d.6CD36C9DD2E98CBD194BD1FA979BCEF8.e.305")&gt;, &lt;selenium.webdriver.remote.webelement.WebElement (session="ad544e5a2e4b5da5845f0e12f55c058a", element="f.2B32E03EEA1FEDA0422A98B961809151.d.6CD36C9DD2E98CBD194BD1FA979BCEF8.e.306")&gt;, &lt;selenium.webdriver.remote.webelement.WebElement (session="ad544e5a2e4b5da5845f0e12f55c058a", element="f.2B32E03EEA1FEDA0422A98B961809151.d.6CD36C9DD2E98CBD194BD1FA979BCEF8.e.307")&gt;, &lt;selenium.webdriver.remote.webelement.WebElement (session="ad544e5a2e4b5da5845f0e12f55c058a", element="f.2B32E03EEA1FEDA0422A98B961809151.d.6CD36C9DD2E98CBD194BD1FA979BCEF8.e.308")&gt;, &lt;selenium.webdriver.remote.webelement.WebElement (session="ad544e5a2e4b5da5845f0e12f55c058a", element="f.2B32E03EEA1FEDA0422A98B961809151.d.6CD36C9DD2E98CBD194BD1FA979BCEF8.e.309")&gt;, &lt;selenium.webdriver.remote.webelement.WebElement (session="ad544e5a2e4b5da5845f0e12f55c058a", element="f.2B32E03EEA1FEDA0422A98B961809151.d.6CD36C9DD2E98CBD194BD1FA979BCEF8.e.310")&gt;, &lt;selenium.webdriver.remote.webelement.WebElement (session="ad544e5a2e4b5da5845f0e12f55c058a", element="f.2B32E03EEA1FEDA0422A98B961809151.d.6CD36C9DD2E98CBD194BD1FA979BCEF8.e.311")&gt;, &lt;selenium.webdriver.remote.webelement.WebElement (session="ad544e5a2e4b5da5845f0e12f55c058a", element="f.2B32E03EEA1FEDA0422A98B961809151.d.6CD36C9DD2E98CBD194BD1FA979BCEF8.e.312")&gt;, &lt;selenium.webdriver.remote.webelement.WebElement (session="ad544e5a2e4b5da5845f0e12f55c058a", element="f.2B32E03EEA1FEDA0422A98B961809151.d.6CD36C9DD2E98CBD194BD1FA979BCEF8.e.313")&gt;, &lt;selenium.webdriver.remote.webelement.WebElement (session="ad544e5a2e4b5da5845f0e12f55c058a", element="f.2B32E03EEA1FEDA0422A98B961809151.d.6CD36C9DD2E98CBD194BD1FA979BCEF8.e.314")&gt;, &lt;selenium.webdriver.remote.webelement.WebElement (session="ad544e5a2e4b5da5845f0e12f55c058a", element="f.2B32E03EEA1FEDA0422A98B961809151.d.6CD36C9DD2E98CBD194BD1FA979BCEF8.e.315")&gt;, &lt;selenium.webdriver.remote.webelement.WebElement (session="ad544e5a2e4b5da5845f0e12f55c058a", element="f.2B32E03EEA1FEDA0422A98B961809151.d.6CD36C9DD2E98CBD194BD1FA979BCEF8.e.316")&gt;, &lt;selenium.webdriver.remote.webelement.WebElement (session="ad544e5a2e4b5da5845f0e12f55c058a", element="f.2B32E03EEA1FEDA0422A98B961809151.d.6CD36C9DD2E98CBD194BD1FA979BCEF8.e.317")&gt;, &lt;selenium.webdriver.remote.webelement.WebElement (session="ad544e5a2e4b5da5845f0e12f55c058a", element="f.2B32E03EEA1FEDA0422A98B961809151.d.6CD36C9DD2E98CBD194BD1FA979BCEF8.e.318")&gt;, &lt;selenium.webdriver.remote.webelement.WebElement (session="ad544e5a2e4b5da5845f0e12f55c058a", element="f.2B32E03EEA1FEDA0422A98B961809151.d.6CD36C9DD2E98CBD194BD1FA979BCEF8.e.319")&gt;, &lt;selenium.webdriver.remote.webelement.WebElement (session="ad544e5a2e4b5da5845f0e12f55c058a", element="f.2B32E03EEA1FEDA0422A98B961809151.d.6CD36C9DD2E98CBD194BD1FA979BCEF8.e.320")&gt;, &lt;selenium.webdriver.remote.webelement.WebElement (session="ad544e5a2e4b5da5845f0e12f55c058a", element="f.2B32E03EEA1FEDA0422A98B961809151.d.6CD36C9DD2E98CBD194BD1FA979BCEF8.e.321")&gt;, &lt;selenium.webdriver.remote.webelement.WebElement (session="ad544e5a2e4b5da5845f0e12f55c058a", element="f.2B32E03EEA1FEDA0422A98B961809151.d.6CD36C9DD2E98CBD194BD1FA979BCEF8.e.322")&gt;, &lt;selenium.webdriver.remote.webelement.WebElement (session="ad544e5a2e4b5da5845f0e12f55c058a", element="f.2B32E03EEA1FEDA0422A98B961809151.d.6CD36C9DD2E98CBD194BD1FA979BCEF8.e.323")&gt;, &lt;selenium.webdriver.remote.webelement.WebElement (session="ad544e5a2e4b5da5845f0e12f55c058a", element="f.2B32E03EEA1FEDA0422A98B961809151.d.6CD36C9DD2E98CBD194BD1FA979BCEF8.e.324")&gt;, &lt;selenium.webdriver.remote.webelement.WebElement (session="ad544e5a2e4b5da5845f0e12f55c058a", element="f.2B32E03EEA1FEDA0422A98B961809151.d.6CD36C9DD2E98CBD194BD1FA979BCEF8.e.325")&gt;, &lt;selenium.webdriver.remote.webelement.WebElement (session="ad544e5a2e4b5da5845f0e12f55c058a", element="f.2B32E03EEA1FEDA0422A98B961809151.d.6CD36C9DD2E98CBD194BD1FA979BCEF8.e.326")&gt;, &lt;selenium.webdriver.remote.webelement.WebElement (session="ad544e5a2e4b5da5845f0e12f55c058a", element="f.2B32E03EEA1FEDA0422A98B961809151.d.6CD36C9DD2E98CBD194BD1FA979BCEF8.e.327")&gt;, &lt;selenium.webdriver.remote.webelement.WebElement (session="ad544e5a2e4b5da5845f0e12f55c058a", element="f.2B32E03EEA1FEDA0422A98B961809151.d.6CD36C9DD2E98CBD194BD1FA979BCEF8.e.328")&gt;, &lt;selenium.webdriver.remote.webelement.WebElement (session="ad544e5a2e4b5da5845f0e12f55c058a", element="f.2B32E03EEA1FEDA0422A98B961809151.d.6CD36C9DD2E98CBD194BD1FA979BCEF8.e.329")&gt;, &lt;selenium.webdriver.remote.webelement.WebElement (session="ad544e5a2e4b5da5845f0e12f55c058a", element="f.2B32E03EEA1FEDA0422A98B961809151.d.6CD36C9DD2E98CBD194BD1FA979BCEF8.e.330")&gt;, &lt;selenium.webdriver.remote.webelement.WebElement (session="ad544e5a2e4b5da5845f0e12f55c058a", element="f.2B32E03EEA1FEDA0422A98B961809151.d.6CD36C9DD2E98CBD194BD1FA979BCEF8.e.331")&gt;, &lt;selenium.webdriver.remote.webelement.WebElement (session="ad544e5a2e4b5da5845f0e12f55c058a", element="f.2B32E03EEA1FEDA0422A98B961809151.d.6CD36C9DD2E98CBD194BD1FA979BCEF8.e.332")&gt;, &lt;selenium.webdriver.remote.webelement.WebElement (session="ad544e5a2e4b5da5845f0e12f55c058a", element="f.2B32E03EEA1FEDA0422A98B961809151.d.6CD36C9DD2E98CBD194BD1FA979BCEF8.e.333")&gt;, &lt;selenium.webdriver.remote.webelement.WebElement (session="ad544e5a2e4b5da5845f0e12f55c058a", element="f.2B32E03EEA1FEDA0422A98B961809151.d.6CD36C9DD2E98CBD194BD1FA979BCEF8.e.334")&gt;, &lt;selenium.webdriver.remote.webelement.WebElement (session="ad544e5a2e4b5da5845f0e12f55c058a", element="f.2B32E03EEA1FEDA0422A98B961809151.d.6CD36C9DD2E98CBD194BD1FA979BCEF8.e.335")&gt;, &lt;selenium.webdriver.remote.webelement.WebElement (session="ad544e5a2e4b5da5845f0e12f55c058a", element="f.2B32E03EEA1FEDA0422A98B961809151.d.6CD36C9DD2E98CBD194BD1FA979BCEF8.e.336")&gt;, &lt;selenium.webdriver.remote.webelement.WebElement (session="ad544e5a2e4b5da5845f0e12f55c058a", element="f.2B32E03EEA1FEDA0422A98B961809151.d.6CD36C9DD2E98CBD194BD1FA979BCEF8.e.337")&gt;, &lt;selenium.webdriver.remote.webelement.WebElement (session="ad544e5a2e4b5da5845f0e12f55c058a", element="f.2B32E03EEA1FEDA0422A98B961809151.d.6CD36C9DD2E98CBD194BD1FA979BCEF8.e.338")&gt;, &lt;selenium.webdriver.remote.webelement.WebElement (session="ad544e5a2e4b5da5845f0e12f55c058a", element="f.2B32E03EEA1FEDA0422A98B961809151.d.6CD36C9DD2E98CBD194BD1FA979BCEF8.e.339")&gt;, &lt;selenium.webdriver.remote.webelement.WebElement (session="ad544e5a2e4b5da5845f0e12f55c058a", element="f.2B32E03EEA1FEDA0422A98B961809151.d.6CD36C9DD2E98CBD194BD1FA979BCEF8.e.340")&gt;, &lt;selenium.webdriver.remote.webelement.WebElement (session="ad544e5a2e4b5da5845f0e12f55c058a", element="f.2B32E03EEA1FEDA0422A98B961809151.d.6CD36C9DD2E98CBD194BD1FA979BCEF8.e.341")&gt;, &lt;selenium.webdriver.remote.webelement.WebElement (session="ad544e5a2e4b5da5845f0e12f55c058a", element="f.2B32E03EEA1FEDA0422A98B961809151.d.6CD36C9DD2E98CBD194BD1FA979BCEF8.e.342")&gt;, &lt;selenium.webdriver.remote.webelement.WebElement (session="ad544e5a2e4b5da5845f0e12f55c058a", element="f.2B32E03EEA1FEDA0422A98B961809151.d.6CD36C9DD2E98CBD194BD1FA979BCEF8.e.343")&gt;, &lt;selenium.webdriver.remote.webelement.WebElement (session="ad544e5a2e4b5da5845f0e12f55c058a", element="f.2B32E03EEA1FEDA0422A98B961809151.d.6CD36C9DD2E98CBD194BD1FA979BCEF8.e.344")&gt;, &lt;selenium.webdriver.remote.webelement.WebElement (session="ad544e5a2e4b5da5845f0e12f55c058a", element="f.2B32E03EEA1FEDA0422A98B961809151.d.6CD36C9DD2E98CBD194BD1FA979BCEF8.e.345")&gt;, &lt;selenium.webdriver.remote.webelement.WebElement (session="ad544e5a2e4b5da5845f0e12f55c058a", element="f.2B32E03EEA1FEDA0422A98B961809151.d.6CD36C9DD2E98CBD194BD1FA979BCEF8.e.346")&gt;, &lt;selenium.webdriver.remote.webelement.WebElement (session="ad544e5a2e4b5da5845f0e12f55c058a", element="f.2B32E03EEA1FEDA0422A98B961809151.d.6CD36C9DD2E98CBD194BD1FA979BCEF8.e.347")&gt;, &lt;selenium.webdriver.remote.webelement.WebElement (session="ad544e5a2e4b5da5845f0e12f55c058a", element="f.2B32E03EEA1FEDA0422A98B961809151.d.6CD36C9DD2E98CBD194BD1FA979BCEF8.e.348")&gt;, &lt;selenium.webdriver.remote.webelement.WebElement (session="ad544e5a2e4b5da5845f0e12f55c058a", element="f.2B32E03EEA1FEDA0422A98B961809151.d.6CD36C9DD2E98CBD194BD1FA979BCEF8.e.349")&gt;, &lt;selenium.webdriver.remote.webelement.WebElement (session="ad544e5a2e4b5da5845f0e12f55c058a", element="f.2B32E03EEA1FEDA0422A98B961809151.d.6CD36C9DD2E98CBD194BD1FA979BCEF8.e.350")&gt;, &lt;selenium.webdriver.remote.webelement.WebElement (session="ad544e5a2e4b5da5845f0e12f55c058a", element="f.2B32E03EEA1FEDA0422A98B961809151.d.6CD36C9DD2E98CBD194BD1FA979BCEF8.e.351")&gt;, &lt;selenium.webdriver.remote.webelement.WebElement (session="ad544e5a2e4b5da5845f0e12f55c058a", element="f.2B32E03EEA1FEDA0422A98B961809151.d.6CD36C9DD2E98CBD194BD1FA979BCEF8.e.352")&gt;, &lt;selenium.webdriver.remote.webelement.WebElement (session="ad544e5a2e4b5da5845f0e12f55c058a", element="f.2B32E03EEA1FEDA0422A98B961809151.d.6CD36C9DD2E98CBD194BD1FA979BCEF8.e.353")&gt;, &lt;selenium.webdriver.remote.webelement.WebElement (session="ad544e5a2e4b5da5845f0e12f55c058a", element="f.2B32E03EEA1FEDA0422A98B961809151.d.6CD36C9DD2E98CBD194BD1FA979BCEF8.e.354")&gt;, &lt;selenium.webdriver.remote.webelement.WebElement (session="ad544e5a2e4b5da5845f0e12f55c058a", element="f.2B32E03EEA1FEDA0422A98B961809151.d.6CD36C9DD2E98CBD194BD1FA979BCEF8.e.355")&gt;, &lt;selenium.webdriver.remote.webelement.WebElement (session="ad544e5a2e4b5da5845f0e12f55c058a", element="f.2B32E03EEA1FEDA0422A98B961809151.d.6CD36C9DD2E98CBD194BD1FA979BCEF8.e.356")&gt;, &lt;selenium.webdriver.remote.webelement.WebElement (session="ad544e5a2e4b5da5845f0e12f55c058a", element="f.2B32E03EEA1FEDA0422A98B961809151.d.6CD36C9DD2E98CBD194BD1FA979BCEF8.e.357")&gt;, &lt;selenium.webdriver.remote.webelement.WebElement (session="ad544e5a2e4b5da5845f0e12f55c058a", element="f.2B32E03EEA1FEDA0422A98B961809151.d.6CD36C9DD2E98CBD194BD1FA979BCEF8.e.358")&gt;, &lt;selenium.webdriver.remote.webelement.WebElement (session="ad544e5a2e4b5da5845f0e12f55c058a", element="f.2B32E03EEA1FEDA0422A98B961809151.d.6CD36C9DD2E98CBD194BD1FA979BCEF8.e.359")&gt;, &lt;selenium.webdriver.remote.webelement.WebElement (session="ad544e5a2e4b5da5845f0e12f55c058a", element="f.2B32E03EEA1FEDA0422A98B961809151.d.6CD36C9DD2E98CBD194BD1FA979BCEF8.e.360")&gt;, &lt;selenium.webdriver.remote.webelement.WebElement (session="ad544e5a2e4b5da5845f0e12f55c058a", element="f.2B32E03EEA1FEDA0422A98B961809151.d.6CD36C9DD2E98CBD194BD1FA979BCEF8.e.361")&gt;, &lt;selenium.webdriver.remote.webelement.WebElement (session="ad544e5a2e4b5da5845f0e12f55c058a", element="f.2B32E03EEA1FEDA0422A98B961809151.d.6CD36C9DD2E98CBD194BD1FA979BCEF8.e.362")&gt;, &lt;selenium.webdriver.remote.webelement.WebElement (session="ad544e5a2e4b5da5845f0e12f55c058a", element="f.2B32E03EEA1FEDA0422A98B961809151.d.6CD36C9DD2E98CBD194BD1FA979BCEF8.e.363")&gt;, &lt;selenium.webdriver.remote.webelement.WebElement (session="ad544e5a2e4b5da5845f0e12f55c058a", element="f.2B32E03EEA1FEDA0422A98B961809151.d.6CD36C9DD2E98CBD194BD1FA979BCEF8.e.364")&gt;, &lt;selenium.webdriver.remote.webelement.WebElement (session="ad544e5a2e4b5da5845f0e12f55c058a", element="f.2B32E03EEA1FEDA0422A98B961809151.d.6CD36C9DD2E98CBD194BD1FA979BCEF8.e.365")&gt;, &lt;selenium.webdriver.remote.webelement.WebElement (session="ad544e5a2e4b5da5845f0e12f55c058a", element="f.2B32E03EEA1FEDA0422A98B961809151.d.6CD36C9DD2E98CBD194BD1FA979BCEF8.e.366")&gt;, &lt;selenium.webdriver.remote.webelement.WebElement (session="ad544e5a2e4b5da5845f0e12f55c058a", element="f.2B32E03EEA1FEDA0422A98B961809151.d.6CD36C9DD2E98CBD194BD1FA979BCEF8.e.367")&gt;, &lt;selenium.webdriver.remote.webelement.WebElement (session="ad544e5a2e4b5da5845f0e12f55c058a", element="f.2B32E03EEA1FEDA0422A98B961809151.d.6CD36C9DD2E98CBD194BD1FA979BCEF8.e.368")&gt;, &lt;selenium.webdriver.remote.webelement.WebElement (session="ad544e5a2e4b5da5845f0e12f55c058a", element="f.2B32E03EEA1FEDA0422A98B961809151.d.6CD36C9DD2E98CBD194BD1FA979BCEF8.e.369")&gt;, &lt;selenium.webdriver.remote.webelement.WebElement (session="ad544e5a2e4b5da5845f0e12f55c058a", element="f.2B32E03EEA1FEDA0422A98B961809151.d.6CD36C9DD2E98CBD194BD1FA979BCEF8.e.370")&gt;, &lt;selenium.webdriver.remote.webelement.WebElement (session="ad544e5a2e4b5da5845f0e12f55c058a", element="f.2B32E03EEA1FEDA0422A98B961809151.d.6CD36C9DD2E98CBD194BD1FA979BCEF8.e.371")&gt;, &lt;selenium.webdriver.remote.webelement.WebElement (session="ad544e5a2e4b5da5845f0e12f55c058a", element="f.2B32E03EEA1FEDA0422A98B961809151.d.6CD36C9DD2E98CBD194BD1FA979BCEF8.e.372")&gt;, &lt;selenium.webdriver.remote.webelement.WebElement (session="ad544e5a2e4b5da5845f0e12f55c058a", element="f.2B32E03EEA1FEDA0422A98B961809151.d.6CD36C9DD2E98CBD194BD1FA979BCEF8.e.373")&gt;, &lt;selenium.webdriver.remote.webelement.WebElement (session="ad544e5a2e4b5da5845f0e12f55c058a", element="f.2B32E03EEA1FEDA0422A98B961809151.d.6CD36C9DD2E98CBD194BD1FA979BCEF8.e.374")&gt;, &lt;selenium.webdriver.remote.webelement.WebElement (session="ad544e5a2e4b5da5845f0e12f55c058a", element="f.2B32E03EEA1FEDA0422A98B961809151.d.6CD36C9DD2E98CBD194BD1FA979BCEF8.e.375")&gt;, &lt;selenium.webdriver.remote.webelement.WebElement (session="ad544e5a2e4b5da5845f0e12f55c058a", element="f.2B32E03EEA1FEDA0422A98B961809151.d.6CD36C9DD2E98CBD194BD1FA979BCEF8.e.376")&gt;, &lt;selenium.webdriver.remote.webelement.WebElement (session="ad544e5a2e4b5da5845f0e12f55c058a", element="f.2B32E03EEA1FEDA0422A98B961809151.d.6CD36C9DD2E98CBD194BD1FA979BCEF8.e.377")&gt;, &lt;selenium.webdriver.remote.webelement.WebElement (session="ad544e5a2e4b5da5845f0e12f55c058a", element="f.2B32E03EEA1FEDA0422A98B961809151.d.6CD36C9DD2E98CBD194BD1FA979BCEF8.e.378")&gt;, &lt;selenium.webdriver.remote.webelement.WebElement (session="ad544e5a2e4b5da5845f0e12f55c058a", element="f.2B32E03EEA1FEDA0422A98B961809151.d.6CD36C9DD2E98CBD194BD1FA979BCEF8.e.379")&gt;, &lt;selenium.webdriver.remote.webelement.WebElement (session="ad544e5a2e4b5da5845f0e12f55c058a", element="f.2B32E03EEA1FEDA0422A98B961809151.d.6CD36C9DD2E98CBD194BD1FA979BCEF8.e.380")&gt;, &lt;selenium.webdriver.remote.webelement.WebElement (session="ad544e5a2e4b5da5845f0e12f55c058a", element="f.2B32E03EEA1FEDA0422A98B961809151.d.6CD36C9DD2E98CBD194BD1FA979BCEF8.e.381")&gt;, &lt;selenium.webdriver.remote.webelement.WebElement (session="ad544e5a2e4b5da5845f0e12f55c058a", element="f.2B32E03EEA1FEDA0422A98B961809151.d.6CD36C9DD2E98CBD194BD1FA979BCEF8.e.382")&gt;, &lt;selenium.webdriver.remote.webelement.WebElement (session="ad544e5a2e4b5da5845f0e12f55c058a", element="f.2B32E03EEA1FEDA0422A98B961809151.d.6CD36C9DD2E98CBD194BD1FA979BCEF8.e.383")&gt;, &lt;selenium.webdriver.remote.webelement.WebElement (session="ad544e5a2e4b5da5845f0e12f55c058a", element="f.2B32E03EEA1FEDA0422A98B961809151.d.6CD36C9DD2E98CBD194BD1FA979BCEF8.e.384")&gt;, &lt;selenium.webdriver.remote.webelement.WebElement (session="ad544e5a2e4b5da5845f0e12f55c058a", element="f.2B32E03EEA1FEDA0422A98B961809151.d.6CD36C9DD2E98CBD194BD1FA979BCEF8.e.385")&gt;, &lt;selenium.webdriver.remote.webelement.WebElement (session="ad544e5a2e4b5da5845f0e12f55c058a", element="f.2B32E03EEA1FEDA0422A98B961809151.d.6CD36C9DD2E98CBD194BD1FA979BCEF8.e.386")&gt;, &lt;selenium.webdriver.remote.webelement.WebElement (session="ad544e5a2e4b5da5845f0e12f55c058a", element="f.2B32E03EEA1FEDA0422A98B961809151.d.6CD36C9DD2E98CBD194BD1FA979BCEF8.e.387")&gt;, &lt;selenium.webdriver.remote.webelement.WebElement (session="ad544e5a2e4b5da5845f0e12f55c058a", element="f.2B32E03EEA1FEDA0422A98B961809151.d.6CD36C9DD2E98CBD194BD1FA979BCEF8.e.388")&gt;, &lt;selenium.webdriver.remote.webelement.WebElement (session="ad544e5a2e4b5da5845f0e12f55c058a", element="f.2B32E03EEA1FEDA0422A98B961809151.d.6CD36C9DD2E98CBD194BD1FA979BCEF8.e.389")&gt;, &lt;selenium.webdriver.remote.webelement.WebElement (session="ad544e5a2e4b5da5845f0e12f55c058a", element="f.2B32E03EEA1FEDA0422A98B961809151.d.6CD36C9DD2E98CBD194BD1FA979BCEF8.e.390")&gt;, &lt;selenium.webdriver.remote.webelement.WebElement (session="ad544e5a2e4b5da5845f0e12f55c058a", element="f.2B32E03EEA1FEDA0422A98B961809151.d.6CD36C9DD2E98CBD194BD1FA979BCEF8.e.391")&gt;, &lt;selenium.webdriver.remote.webelement.WebElement (session="ad544e5a2e4b5da5845f0e12f55c058a", element="f.2B32E03EEA1FEDA0422A98B961809151.d.6CD36C9DD2E98CBD194BD1FA979BCEF8.e.392")&gt;, &lt;selenium.webdriver.remote.webelement.WebElement (session="ad544e5a2e4b5da5845f0e12f55c058a", element="f.2B32E03EEA1FEDA0422A98B961809151.d.6CD36C9DD2E98CBD194BD1FA979BCEF8.e.393")&gt;, &lt;selenium.webdriver.remote.webelement.WebElement (session="ad544e5a2e4b5da5845f0e12f55c058a", element="f.2B32E03EEA1FEDA0422A98B961809151.d.6CD36C9DD2E98CBD194BD1FA979BCEF8.e.394")&gt;, &lt;selenium.webdriver.remote.webelement.WebElement (session="ad544e5a2e4b5da5845f0e12f55c058a", element="f.2B32E03EEA1FEDA0422A98B961809151.d.6CD36C9DD2E98CBD194BD1FA979BCEF8.e.395")&gt;, &lt;selenium.webdriver.remote.webelement.WebElement (session="ad544e5a2e4b5da5845f0e12f55c058a", element="f.2B32E03EEA1FEDA0422A98B961809151.d.6CD36C9DD2E98CBD194BD1FA979BCEF8.e.396")&gt;, &lt;selenium.webdriver.remote.webelement.WebElement (session="ad544e5a2e4b5da5845f0e12f55c058a", element="f.2B32E03EEA1FEDA0422A98B961809151.d.6CD36C9DD2E98CBD194BD1FA979BCEF8.e.397")&gt;, &lt;selenium.webdriver.remote.webelement.WebElement (session="ad544e5a2e4b5da5845f0e12f55c058a", element="f.2B32E03EEA1FEDA0422A98B961809151.d.6CD36C9DD2E98CBD194BD1FA979BCEF8.e.398")&gt;, &lt;selenium.webdriver.remote.webelement.WebElement (session="ad544e5a2e4b5da5845f0e12f55c058a", element="f.2B32E03EEA1FEDA0422A98B961809151.d.6CD36C9DD2E98CBD194BD1FA979BCEF8.e.399")&gt;, &lt;selenium.webdriver.remote.webelement.WebElement (session="ad544e5a2e4b5da5845f0e12f55c058a", element="f.2B32E03EEA1FEDA0422A98B961809151.d.6CD36C9DD2E98CBD194BD1FA979BCEF8.e.400")&gt;, &lt;selenium.webdriver.remote.webelement.WebElement (session="ad544e5a2e4b5da5845f0e12f55c058a", element="f.2B32E03EEA1FEDA0422A98B961809151.d.6CD36C9DD2E98CBD194BD1FA979BCEF8.e.401")&gt;, &lt;selenium.webdriver.remote.webelement.WebElement (session="ad544e5a2e4b5da5845f0e12f55c058a", element="f.2B32E03EEA1FEDA0422A98B961809151.d.6CD36C9DD2E98CBD194BD1FA979BCEF8.e.402")&gt;, &lt;selenium.webdriver.remote.webelement.WebElement (session="ad544e5a2e4b5da5845f0e12f55c058a", element="f.2B32E03EEA1FEDA0422A98B961809151.d.6CD36C9DD2E98CBD194BD1FA979BCEF8.e.403")&gt;, &lt;selenium.webdriver.remote.webelement.WebElement (session="ad544e5a2e4b5da5845f0e12f55c058a", element="f.2B32E03EEA1FEDA0422A98B961809151.d.6CD36C9DD2E98CBD194BD1FA979BCEF8.e.404")&gt;, &lt;selenium.webdriver.remote.webelement.WebElement (session="ad544e5a2e4b5da5845f0e12f55c058a", element="f.2B32E03EEA1FEDA0422A98B961809151.d.6CD36C9DD2E98CBD194BD1FA979BCEF8.e.405")&gt;, &lt;selenium.webdriver.remote.webelement.WebElement (session="ad544e5a2e4b5da5845f0e12f55c058a", element="f.2B32E03EEA1FEDA0422A98B961809151.d.6CD36C9DD2E98CBD194BD1FA979BCEF8.e.406")&gt;, &lt;selenium.webdriver.remote.webelement.WebElement (session="ad544e5a2e4b5da5845f0e12f55c058a", element="f.2B32E03EEA1FEDA0422A98B961809151.d.6CD36C9DD2E98CBD194BD1FA979BCEF8.e.407")&gt;, &lt;selenium.webdriver.remote.webelement.WebElement (session="ad544e5a2e4b5da5845f0e12f55c058a", element="f.2B32E03EEA1FEDA0422A98B961809151.d.6CD36C9DD2E98CBD194BD1FA979BCEF8.e.408")&gt;, &lt;selenium.webdriver.remote.webelement.WebElement (session="ad544e5a2e4b5da5845f0e12f55c058a", element="f.2B32E03EEA1FEDA0422A98B961809151.d.6CD36C9DD2E98CBD194BD1FA979BCEF8.e.409")&gt;, &lt;selenium.webdriver.remote.webelement.WebElement (session="ad544e5a2e4b5da5845f0e12f55c058a", element="f.2B32E03EEA1FEDA0422A98B961809151.d.6CD36C9DD2E98CBD194BD1FA979BCEF8.e.410")&gt;, &lt;selenium.webdriver.remote.webelement.WebElement (session="ad544e5a2e4b5da5845f0e12f55c058a", element="f.2B32E03EEA1FEDA0422A98B961809151.d.6CD36C9DD2E98CBD194BD1FA979BCEF8.e.411")&gt;, &lt;selenium.webdriver.remote.webelement.WebElement (session="ad544e5a2e4b5da5845f0e12f55c058a", element="f.2B32E03EEA1FEDA0422A98B961809151.d.6CD36C9DD2E98CBD194BD1FA979BCEF8.e.412")&gt;, &lt;selenium.webdriver.remote.webelement.WebElement (session="ad544e5a2e4b5da5845f0e12f55c058a", element="f.2B32E03EEA1FEDA0422A98B961809151.d.6CD36C9DD2E98CBD194BD1FA979BCEF8.e.413")&gt;, &lt;selenium.webdriver.remote.webelement.WebElement (session="ad544e5a2e4b5da5845f0e12f55c058a", element="f.2B32E03EEA1FEDA0422A98B961809151.d.6CD36C9DD2E98CBD194BD1FA979BCEF8.e.414")&gt;, &lt;selenium.webdriver.remote.webelement.WebElement (session="ad544e5a2e4b5da5845f0e12f55c058a", element="f.2B32E03EEA1FEDA0422A98B961809151.d.6CD36C9DD2E98CBD194BD1FA979BCEF8.e.415")&gt;, &lt;selenium.webdriver.remote.webelement.WebElement (session="ad544e5a2e4b5da5845f0e12f55c058a", element="f.2B32E03EEA1FEDA0422A98B961809151.d.6CD36C9DD2E98CBD194BD1FA979BCEF8.e.416")&gt;, &lt;selenium.webdriver.remote.webelement.WebElement (session="ad544e5a2e4b5da5845f0e12f55c058a", element="f.2B32E03EEA1FEDA0422A98B961809151.d.6CD36C9DD2E98CBD194BD1FA979BCEF8.e.417")&gt;, &lt;selenium.webdriver.remote.webelement.WebElement (session="ad544e5a2e4b5da5845f0e12f55c058a", element="f.2B32E03EEA1FEDA0422A98B961809151.d.6CD36C9DD2E98CBD194BD1FA979BCEF8.e.418")&gt;, &lt;selenium.webdriver.remote.webelement.WebElement (session="ad544e5a2e4b5da5845f0e12f55c058a", element="f.2B32E03EEA1FEDA0422A98B961809151.d.6CD36C9DD2E98CBD194BD1FA979BCEF8.e.419")&gt;, &lt;selenium.webdriver.remote.webelement.WebElement (session="ad544e5a2e4b5da5845f0e12f55c058a", element="f.2B32E03EEA1FEDA0422A98B961809151.d.6CD36C9DD2E98CBD194BD1FA979BCEF8.e.420")&gt;, &lt;selenium.webdriver.remote.webelement.WebElement (session="ad544e5a2e4b5da5845f0e12f55c058a", element="f.2B32E03EEA1FEDA0422A98B961809151.d.6CD36C9DD2E98CBD194BD1FA979BCEF8.e.421")&gt;, &lt;selenium.webdriver.remote.webelement.WebElement (session="ad544e5a2e4b5da5845f0e12f55c058a", element="f.2B32E03EEA1FEDA0422A98B961809151.d.6CD36C9DD2E98CBD194BD1FA979BCEF8.e.422")&gt;, &lt;selenium.webdriver.remote.webelement.WebElement (session="ad544e5a2e4b5da5845f0e12f55c058a", element="f.2B32E03EEA1FEDA0422A98B961809151.d.6CD36C9DD2E98CBD194BD1FA979BCEF8.e.423")&gt;, &lt;selenium.webdriver.remote.webelement.WebElement (session="ad544e5a2e4b5da5845f0e12f55c058a", element="f.2B32E03EEA1FEDA0422A98B961809151.d.6CD36C9DD2E98CBD194BD1FA979BCEF8.e.424")&gt;, &lt;selenium.webdriver.remote.webelement.WebElement (session="ad544e5a2e4b5da5845f0e12f55c058a", element="f.2B32E03EEA1FEDA0422A98B961809151.d.6CD36C9DD2E98CBD194BD1FA979BCEF8.e.425")&gt;, &lt;selenium.webdriver.remote.webelement.WebElement (session="ad544e5a2e4b5da5845f0e12f55c058a", element="f.2B32E03EEA1FEDA0422A98B961809151.d.6CD36C9DD2E98CBD194BD1FA979BCEF8.e.426")&gt;, &lt;selenium.webdriver.remote.webelement.WebElement (session="ad544e5a2e4b5da5845f0e12f55c058a", element="f.2B32E03EEA1FEDA0422A98B961809151.d.6CD36C9DD2E98CBD194BD1FA979BCEF8.e.427")&gt;, &lt;selenium.webdriver.remote.webelement.WebElement (session="ad544e5a2e4b5da5845f0e12f55c058a", element="f.2B32E03EEA1FEDA0422A98B961809151.d.6CD36C9DD2E98CBD194BD1FA979BCEF8.e.428")&gt;, &lt;selenium.webdriver.remote.webelement.WebElement (session="ad544e5a2e4b5da5845f0e12f55c058a", element="f.2B32E03EEA1FEDA0422A98B961809151.d.6CD36C9DD2E98CBD194BD1FA979BCEF8.e.429")&gt;, &lt;selenium.webdriver.remote.webelement.WebElement (session="ad544e5a2e4b5da5845f0e12f55c058a", element="f.2B32E03EEA1FEDA0422A98B961809151.d.6CD36C9DD2E98CBD194BD1FA979BCEF8.e.430")&gt;, &lt;selenium.webdriver.remote.webelement.WebElement (session="ad544e5a2e4b5da5845f0e12f55c058a", element="f.2B32E03EEA1FEDA0422A98B961809151.d.6CD36C9DD2E98CBD194BD1FA979BCEF8.e.431")&gt;, &lt;selenium.webdriver.remote.webelement.WebElement (session="ad544e5a2e4b5da5845f0e12f55c058a", element="f.2B32E03EEA1FEDA0422A98B961809151.d.6CD36C9DD2E98CBD194BD1FA979BCEF8.e.432")&gt;, &lt;selenium.webdriver.remote.webelement.WebElement (session="ad544e5a2e4b5da5845f0e12f55c058a", element="f.2B32E03EEA1FEDA0422A98B961809151.d.6CD36C9DD2E98CBD194BD1FA979BCEF8.e.433")&gt;, &lt;selenium.webdriver.remote.webelement.WebElement (session="ad544e5a2e4b5da5845f0e12f55c058a", element="f.2B32E03EEA1FEDA0422A98B961809151.d.6CD36C9DD2E98CBD194BD1FA979BCEF8.e.434")&gt;, &lt;selenium.webdriver.remote.webelement.WebElement (session="ad544e5a2e4b5da5845f0e12f55c058a", element="f.2B32E03EEA1FEDA0422A98B961809151.d.6CD36C9DD2E98CBD194BD1FA979BCEF8.e.435")&gt;, &lt;selenium.webdriver.remote.webelement.WebElement (session="ad544e5a2e4b5da5845f0e12f55c058a", element="f.2B32E03EEA1FEDA0422A98B961809151.d.6CD36C9DD2E98CBD194BD1FA979BCEF8.e.436")&gt;, &lt;selenium.webdriver.remote.webelement.WebElement (session="ad544e5a2e4b5da5845f0e12f55c058a", element="f.2B32E03EEA1FEDA0422A98B961809151.d.6CD36C9DD2E98CBD194BD1FA979BCEF8.e.437")&gt;, &lt;selenium.webdriver.remote.webelement.WebElement (session="ad544e5a2e4b5da5845f0e12f55c058a", element="f.2B32E03EEA1FEDA0422A98B961809151.d.6CD36C9DD2E98CBD194BD1FA979BCEF8.e.438")&gt;, &lt;selenium.webdriver.remote.webelement.WebElement (session="ad544e5a2e4b5da5845f0e12f55c058a", element="f.2B32E03EEA1FEDA0422A98B961809151.d.6CD36C9DD2E98CBD194BD1FA979BCEF8.e.439")&gt;, &lt;selenium.webdriver.remote.webelement.WebElement (session="ad544e5a2e4b5da5845f0e12f55c058a", element="f.2B32E03EEA1FEDA0422A98B961809151.d.6CD36C9DD2E98CBD194BD1FA979BCEF8.e.440")&gt;, &lt;selenium.webdriver.remote.webelement.WebElement (session="ad544e5a2e4b5da5845f0e12f55c058a", element="f.2B32E03EEA1FEDA0422A98B961809151.d.6CD36C9DD2E98CBD194BD1FA979BCEF8.e.441")&gt;, &lt;selenium.webdriver.remote.webelement.WebElement (session="ad544e5a2e4b5da5845f0e12f55c058a", element="f.2B32E03EEA1FEDA0422A98B961809151.d.6CD36C9DD2E98CBD194BD1FA979BCEF8.e.442")&gt;, &lt;selenium.webdriver.remote.webelement.WebElement (session="ad544e5a2e4b5da5845f0e12f55c058a", element="f.2B32E03EEA1FEDA0422A98B961809151.d.6CD36C9DD2E98CBD194BD1FA979BCEF8.e.443")&gt;, &lt;selenium.webdriver.remote.webelement.WebElement (session="ad544e5a2e4b5da5845f0e12f55c058a", element="f.2B32E03EEA1FEDA0422A98B961809151.d.6CD36C9DD2E98CBD194BD1FA979BCEF8.e.444")&gt;, &lt;selenium.webdriver.remote.webelement.WebElement (session="ad544e5a2e4b5da5845f0e12f55c058a", element="f.2B32E03EEA1FEDA0422A98B961809151.d.6CD36C9DD2E98CBD194BD1FA979BCEF8.e.445")&gt;, &lt;selenium.webdriver.remote.webelement.WebElement (session="ad544e5a2e4b5da5845f0e12f55c058a", element="f.2B32E03EEA1FEDA0422A98B961809151.d.6CD36C9DD2E98CBD194BD1FA979BCEF8.e.446")&gt;, &lt;selenium.webdriver.remote.webelement.WebElement (session="ad544e5a2e4b5da5845f0e12f55c058a", element="f.2B32E03EEA1FEDA0422A98B961809151.d.6CD36C9DD2E98CBD194BD1FA979BCEF8.e.447")&gt;, &lt;selenium.webdriver.remote.webelement.WebElement (session="ad544e5a2e4b5da5845f0e12f55c058a", element="f.2B32E03EEA1FEDA0422A98B961809151.d.6CD36C9DD2E98CBD194BD1FA979BCEF8.e.448")&gt;, &lt;selenium.webdriver.remote.webelement.WebElement (session="ad544e5a2e4b5da5845f0e12f55c058a", element="f.2B32E03EEA1FEDA0422A98B961809151.d.6CD36C9DD2E98CBD194BD1FA979BCEF8.e.449")&gt;, &lt;selenium.webdriver.remote.webelement.WebElement (session="ad544e5a2e4b5da5845f0e12f55c058a", element="f.2B32E03EEA1FEDA0422A98B961809151.d.6CD36C9DD2E98CBD194BD1FA979BCEF8.e.450")&gt;, &lt;selenium.webdriver.remote.webelement.WebElement (session="ad544e5a2e4b5da5845f0e12f55c058a", element="f.2B32E03EEA1FEDA0422A98B961809151.d.6CD36C9DD2E98CBD194BD1FA979BCEF8.e.451")&gt;, &lt;selenium.webdriver.remote.webelement.WebElement (session="ad544e5a2e4b5da5845f0e12f55c058a", element="f.2B32E03EEA1FEDA0422A98B961809151.d.6CD36C9DD2E98CBD194BD1FA979BCEF8.e.452")&gt;, &lt;selenium.webdriver.remote.webelement.WebElement (session="ad544e5a2e4b5da5845f0e12f55c058a", element="f.2B32E03EEA1FEDA0422A98B961809151.d.6CD36C9DD2E98CBD194BD1FA979BCEF8.e.453")&gt;, &lt;selenium.webdriver.remote.webelement.WebElement (session="ad544e5a2e4b5da5845f0e12f55c058a", element="f.2B32E03EEA1FEDA0422A98B961809151.d.6CD36C9DD2E98CBD194BD1FA979BCEF8.e.454")&gt;, &lt;selenium.webdriver.remote.webelement.WebElement (session="ad544e5a2e4b5da5845f0e12f55c058a", element="f.2B32E03EEA1FEDA0422A98B961809151.d.6CD36C9DD2E98CBD194BD1FA979BCEF8.e.455")&gt;, &lt;selenium.webdriver.remote.webelement.WebElement (session="ad544e5a2e4b5da5845f0e12f55c058a", element="f.2B32E03EEA1FEDA0422A98B961809151.d.6CD36C9DD2E98CBD194BD1FA979BCEF8.e.456")&gt;, &lt;selenium.webdriver.remote.webelement.WebElement (session="ad544e5a2e4b5da5845f0e12f55c058a", element="f.2B32E03EEA1FEDA0422A98B961809151.d.6CD36C9DD2E98CBD194BD1FA979BCEF8.e.457")&gt;, &lt;selenium.webdriver.remote.webelement.WebElement (session="ad544e5a2e4b5da5845f0e12f55c058a", element="f.2B32E03EEA1FEDA0422A98B961809151.d.6CD36C9DD2E98CBD194BD1FA979BCEF8.e.458")&gt;, &lt;selenium.webdriver.remote.webelement.WebElement (session="ad544e5a2e4b5da5845f0e12f55c058a", element="f.2B32E03EEA1FEDA0422A98B961809151.d.6CD36C9DD2E98CBD194BD1FA979BCEF8.e.459")&gt;, &lt;selenium.webdriver.remote.webelement.WebElement (session="ad544e5a2e4b5da5845f0e12f55c058a", element="f.2B32E03EEA1FEDA0422A98B961809151.d.6CD36C9DD2E98CBD194BD1FA979BCEF8.e.460")&gt;, &lt;selenium.webdriver.remote.webelement.WebElement (session="ad544e5a2e4b5da5845f0e12f55c058a", element="f.2B32E03EEA1FEDA0422A98B961809151.d.6CD36C9DD2E98CBD194BD1FA979BCEF8.e.461")&gt;, &lt;selenium.webdriver.remote.webelement.WebElement (session="ad544e5a2e4b5da5845f0e12f55c058a", element="f.2B32E03EEA1FEDA0422A98B961809151.d.6CD36C9DD2E98CBD194BD1FA979BCEF8.e.462")&gt;, &lt;selenium.webdriver.remote.webelement.WebElement (session="ad544e5a2e4b5da5845f0e12f55c058a", element="f.2B32E03EEA1FEDA0422A98B961809151.d.6CD36C9DD2E98CBD194BD1FA979BCEF8.e.463")&gt;, &lt;selenium.webdriver.remote.webelement.WebElement (session="ad544e5a2e4b5da5845f0e12f55c058a", element="f.2B32E03EEA1FEDA0422A98B961809151.d.6CD36C9DD2E98CBD194BD1FA979BCEF8.e.464")&gt;, &lt;selenium.webdriver.remote.webelement.WebElement (session="ad544e5a2e4b5da5845f0e12f55c058a", element="f.2B32E03EEA1FEDA0422A98B961809151.d.6CD36C9DD2E98CBD194BD1FA979BCEF8.e.465")&gt;, &lt;selenium.webdriver.remote.webelement.WebElement (session="ad544e5a2e4b5da5845f0e12f55c058a", element="f.2B32E03EEA1FEDA0422A98B961809151.d.6CD36C9DD2E98CBD194BD1FA979BCEF8.e.466")&gt;, &lt;selenium.webdriver.remote.webelement.WebElement (session="ad544e5a2e4b5da5845f0e12f55c058a", element="f.2B32E03EEA1FEDA0422A98B961809151.d.6CD36C9DD2E98CBD194BD1FA979BCEF8.e.467")&gt;, &lt;selenium.webdriver.remote.webelement.WebElement (session="ad544e5a2e4b5da5845f0e12f55c058a", element="f.2B32E03EEA1FEDA0422A98B961809151.d.6CD36C9DD2E98CBD194BD1FA979BCEF8.e.468")&gt;, &lt;selenium.webdriver.remote.webelement.WebElement (session="ad544e5a2e4b5da5845f0e12f55c058a", element="f.2B32E03EEA1FEDA0422A98B961809151.d.6CD36C9DD2E98CBD194BD1FA979BCEF8.e.469")&gt;, &lt;selenium.webdriver.remote.webelement.WebElement (session="ad544e5a2e4b5da5845f0e12f55c058a", element="f.2B32E03EEA1FEDA0422A98B961809151.d.6CD36C9DD2E98CBD194BD1FA979BCEF8.e.470")&gt;, &lt;selenium.webdriver.remote.webelement.WebElement (session="ad544e5a2e4b5da5845f0e12f55c058a", element="f.2B32E03EEA1FEDA0422A98B961809151.d.6CD36C9DD2E98CBD194BD1FA979BCEF8.e.471")&gt;, &lt;selenium.webdriver.remote.webelement.WebElement (session="ad544e5a2e4b5da5845f0e12f55c058a", element="f.2B32E03EEA1FEDA0422A98B961809151.d.6CD36C9DD2E98CBD194BD1FA979BCEF8.e.472")&gt;, &lt;selenium.webdriver.remote.webelement.WebElement (session="ad544e5a2e4b5da5845f0e12f55c058a", element="f.2B32E03EEA1FEDA0422A98B961809151.d.6CD36C9DD2E98CBD194BD1FA979BCEF8.e.473")&gt;, &lt;selenium.webdriver.remote.webelement.WebElement (session="ad544e5a2e4b5da5845f0e12f55c058a", element="f.2B32E03EEA1FEDA0422A98B961809151.d.6CD36C9DD2E98CBD194BD1FA979BCEF8.e.474")&gt;, &lt;selenium.webdriver.remote.webelement.WebElement (session="ad544e5a2e4b5da5845f0e12f55c058a", element="f.2B32E03EEA1FEDA0422A98B961809151.d.6CD36C9DD2E98CBD194BD1FA979BCEF8.e.475")&gt;, &lt;selenium.webdriver.remote.webelement.WebElement (session="ad544e5a2e4b5da5845f0e12f55c058a", element="f.2B32E03EEA1FEDA0422A98B961809151.d.6CD36C9DD2E98CBD194BD1FA979BCEF8.e.476")&gt;, &lt;selenium.webdriver.remote.webelement.WebElement (session="ad544e5a2e4b5da5845f0e12f55c058a", element="f.2B32E03EEA1FEDA0422A98B961809151.d.6CD36C9DD2E98CBD194BD1FA979BCEF8.e.477")&gt;, &lt;selenium.webdriver.remote.webelement.WebElement (session="ad544e5a2e4b5da5845f0e12f55c058a", element="f.2B32E03EEA1FEDA0422A98B961809151.d.6CD36C9DD2E98CBD194BD1FA979BCEF8.e.478")&gt;, &lt;selenium.webdriver.remote.webelement.WebElement (session="ad544e5a2e4b5da5845f0e12f55c058a", element="f.2B32E03EEA1FEDA0422A98B961809151.d.6CD36C9DD2E98CBD194BD1FA979BCEF8.e.479")&gt;, &lt;selenium.webdriver.remote.webelement.WebElement (session="ad544e5a2e4b5da5845f0e12f55c058a", element="f.2B32E03EEA1FEDA0422A98B961809151.d.6CD36C9DD2E98CBD194BD1FA979BCEF8.e.480")&gt;, &lt;selenium.webdriver.remote.webelement.WebElement (session="ad544e5a2e4b5da5845f0e12f55c058a", element="f.2B32E03EEA1FEDA0422A98B961809151.d.6CD36C9DD2E98CBD194BD1FA979BCEF8.e.481")&gt;, &lt;selenium.webdriver.remote.webelement.WebElement (session="ad544e5a2e4b5da5845f0e12f55c058a", element="f.2B32E03EEA1FEDA0422A98B961809151.d.6CD36C9DD2E98CBD194BD1FA979BCEF8.e.482")&gt;, &lt;selenium.webdriver.remote.webelement.WebElement (session="ad544e5a2e4b5da5845f0e12f55c058a", element="f.2B32E03EEA1FEDA0422A98B961809151.d.6CD36C9DD2E98CBD194BD1FA979BCEF8.e.483")&gt;, &lt;selenium.webdriver.remote.webelement.WebElement (session="ad544e5a2e4b5da5845f0e12f55c058a", element="f.2B32E03EEA1FEDA0422A98B961809151.d.6CD36C9DD2E98CBD194BD1FA979BCEF8.e.484")&gt;, &lt;selenium.webdriver.remote.webelement.WebElement (session="ad544e5a2e4b5da5845f0e12f55c058a", element="f.2B32E03EEA1FEDA0422A98B961809151.d.6CD36C9DD2E98CBD194BD1FA979BCEF8.e.485")&gt;, &lt;selenium.webdriver.remote.webelement.WebElement (session="ad544e5a2e4b5da5845f0e12f55c058a", element="f.2B32E03EEA1FEDA0422A98B961809151.d.6CD36C9DD2E98CBD194BD1FA979BCEF8.e.486")&gt;, &lt;selenium.webdriver.remote.webelement.WebElement (session="ad544e5a2e4b5da5845f0e12f55c058a", element="f.2B32E03EEA1FEDA0422A98B961809151.d.6CD36C9DD2E98CBD194BD1FA979BCEF8.e.487")&gt;, &lt;selenium.webdriver.remote.webelement.WebElement (session="ad544e5a2e4b5da5845f0e12f55c058a", element="f.2B32E03EEA1FEDA0422A98B961809151.d.6CD36C9DD2E98CBD194BD1FA979BCEF8.e.488")&gt;, &lt;selenium.webdriver.remote.webelement.WebElement (session="ad544e5a2e4b5da5845f0e12f55c058a", element="f.2B32E03EEA1FEDA0422A98B961809151.d.6CD36C9DD2E98CBD194BD1FA979BCEF8.e.489")&gt;, &lt;selenium.webdriver.remote.webelement.WebElement (session="ad544e5a2e4b5da5845f0e12f55c058a", element="f.2B32E03EEA1FEDA0422A98B961809151.d.6CD36C9DD2E98CBD194BD1FA979BCEF8.e.490")&gt;, &lt;selenium.webdriver.remote.webelement.WebElement (session="ad544e5a2e4b5da5845f0e12f55c058a", element="f.2B32E03EEA1FEDA0422A98B961809151.d.6CD36C9DD2E98CBD194BD1FA979BCEF8.e.491")&gt;, &lt;selenium.webdriver.remote.webelement.WebElement (session="ad544e5a2e4b5da5845f0e12f55c058a", element="f.2B32E03EEA1FEDA0422A98B961809151.d.6CD36C9DD2E98CBD194BD1FA979BCEF8.e.492")&gt;, &lt;selenium.webdriver.remote.webelement.WebElement (session="ad544e5a2e4b5da5845f0e12f55c058a", element="f.2B32E03EEA1FEDA0422A98B961809151.d.6CD36C9DD2E98CBD194BD1FA979BCEF8.e.493")&gt;, &lt;selenium.webdriver.remote.webelement.WebElement (session="ad544e5a2e4b5da5845f0e12f55c058a", element="f.2B32E03EEA1FEDA0422A98B961809151.d.6CD36C9DD2E98CBD194BD1FA979BCEF8.e.494")&gt;, &lt;selenium.webdriver.remote.webelement.WebElement (session="ad544e5a2e4b5da5845f0e12f55c058a", element="f.2B32E03EEA1FEDA0422A98B961809151.d.6CD36C9DD2E98CBD194BD1FA979BCEF8.e.495")&gt;, &lt;selenium.webdriver.remote.webelement.WebElement (session="ad544e5a2e4b5da5845f0e12f55c058a", element="f.2B32E03EEA1FEDA0422A98B961809151.d.6CD36C9DD2E98CBD194BD1FA979BCEF8.e.496")&gt;, &lt;selenium.webdriver.remote.webelement.WebElement (session="ad544e5a2e4b5da5845f0e12f55c058a", element="f.2B32E03EEA1FEDA0422A98B961809151.d.6CD36C9DD2E98CBD194BD1FA979BCEF8.e.497")&gt;]</msg>
<arg>${all_links}</arg>
<doc>Logs the given message with the given level.</doc>
<status status="PASS" start="2024-11-29T10:37:57.490043" elapsed="0.000716"/>
</kw>
<status status="PASS" start="2024-11-29T10:37:57.464443" elapsed="0.026415"/>
</kw>
<status status="PASS" start="2024-11-29T10:37:57.464000" elapsed="0.027036"/>
</test>
<kw name="Postcondition" owner="open" type="TEARDOWN">
<kw name="Close Browser" owner="SeleniumLibrary">
<doc>Closes the current browser.</doc>
<status status="PASS" start="2024-11-29T10:37:57.492236" elapsed="0.060157"/>
</kw>
<status status="PASS" start="2024-11-29T10:37:57.491640" elapsed="0.060868"/>
</kw>
<status status="PASS" start="2024-11-29T10:37:52.486288" elapsed="5.066256"/>
</suite>
<statistics>
<total>
<stat pass="1" fail="0" skip="0">All Tests</stat>
</total>
<tag>
</tag>
<suite>
<stat pass="1" fail="0" skip="0" id="s1" name="Devesh Assessment">Devesh Assessment</stat>
</suite>
</statistics>
<errors>
</errors>
</robot>
