<?xml version="1.0" encoding="UTF-8"?>
<robot generator="Robot 7.1 (Python 3.10.12 on linux)" generated="2024-11-28T14:39:18.624872" rpa="false" schemaversion="5">
<suite id="s1" name="Tests" source="/home/vvdn29877/Testing/Assignment_of_robot/tests">
<suite id="s1-s1" name="Test Dropdown Handling" source="/home/vvdn29877/Testing/Assignment_of_robot/tests/test_dropdown_handling.robot">
<test id="s1-s1-t1" name="TC_1" line="5">
<kw name="Precondition" owner="open">
<kw name="Open Browser" owner="SeleniumLibrary">
<msg time="2024-11-28T14:39:18.793962" level="INFO">Opening browser 'Chrome' to base url 'https://letcode.in/dropdowns'.</msg>
<arg>https://letcode.in/dropdowns</arg>
<arg>Chrome</arg>
<doc>Opens a new browser instance to the optional ``url``.</doc>
<status status="PASS" start="2024-11-28T14:39:18.793807" elapsed="2.806856"/>
</kw>
<status status="PASS" start="2024-11-28T14:39:18.793344" elapsed="2.807531"/>
</kw>
<status status="PASS" start="2024-11-28T14:39:18.792856" elapsed="2.808281"/>
</test>
<status status="PASS" start="2024-11-28T14:39:18.647747" elapsed="2.953921"/>
</suite>
<status status="PASS" start="2024-11-28T14:39:18.625459" elapsed="2.976970"/>
</suite>
<statistics>
<total>
<stat pass="1" fail="0" skip="0">All Tests</stat>
</total>
<tag>
</tag>
<suite>
<stat pass="1" fail="0" skip="0" id="s1" name="Tests">Tests</stat>
<stat pass="1" fail="0" skip="0" id="s1-s1" name="Test Dropdown Handling">Tests.Test Dropdown Handling</stat>
</suite>
</statistics>
<errors>
</errors>
</robot>
